{
 "cells": [
  {
   "cell_type": "code",
   "execution_count": 1,
   "metadata": {
    "deletable": false,
    "editable": false
   },
   "outputs": [],
   "source": [
    "# Initialize Otter\n",
    "import otter\n",
    "grader = otter.Notebook(\"proj2.ipynb\")"
   ]
  },
  {
   "cell_type": "markdown",
   "metadata": {},
   "source": [
    "# Project 2: Query Performance\n",
    "## Due Date: Friday 10/07, 11:59 PM\n",
    "## Assignment Details\n",
    "In this project, we will explore how the database system optimizes query execution and how users can futher tune the performance of their queries.\n",
    "\n",
    "This project works with the Lahman's Baseball Database, an open source collection of baseball statistics from 1871 to 2020. It contains a variety of data, like batting statistics, team stats, managerial records, Hall of Fame records, and much more.\n",
    "\n",
    "**Note:** If at any point during the project, the internal state of the database or its tables have been modified in an undesirable way (i.e. a modification not resulting from the instructions of a question), restart your kernel and clear output and simply re-run the notebook as normal. This will shutdown you current connection to the database, which will prevent the issue of multiple connections to the database at any given point, and when re-running the notebook you will create a fresh database based on the provided Postgres dump.\n",
    "\n",
    "## Logistics & Scoring Breakdown\n",
    "\n",
    "For Data 101 students, this project is worth 15% of your grade. For Info 258 students, this project is worth 12% of your grade.\n",
    "\n",
    "- Each coding question has **both public tests and hidden tests**. Roughly 50% of your coding grade will be made up of your score on the public tests released to you, while the remaining 50% will be made up of unreleased hidden tests.\n",
    "- Public tests for multiple choice questions are for sanity check only (e.g. you are answering in the correct format). Partial credit will be awarded.\n",
    "- Free-response questions will be manually graded. Please answer thoughtfully in complete sentences, drawing from knowledge in lectures and from your inspection of query plans.\n",
    "\n",
    "This is an **individual project**. However, you’re welcome to collaborate with any other student in the class as long as it’s within the academic honesty guidelines.\n",
    "\n",
    "Question | Points\n",
    "--- | ---\n",
    "0 | 1\n",
    "1a\t| 1\n",
    "1bi\t| 1\n",
    "1bii\t| 2\n",
    "1c\t| 1\n",
    "1di\t| 2\n",
    "1dii\t| 1\n",
    "1ei\t| 1\n",
    "1eii\t| 1\n",
    "1eiii\t| 1\n",
    "1eiv\t| 2\n",
    "1ev\t| 2\n",
    "2a\t| 1\n",
    "2b\t| 1\n",
    "2c\t| 2\n",
    "2d\t| 2\n",
    "3a\t| 1\n",
    "3b\t| 1\n",
    "3c |\t1\n",
    "3d\t| 3\n",
    "4a\t| 2\n",
    "4b\t| 1\n",
    "4c\t| 1\n",
    "4di\t| 2\n",
    "4dii |\t2\n",
    "4ei\t| 2\n",
    "4eii | \t1\n",
    "4eiii |\t2\n",
    "4eiv |\t1\n",
    "4ev |\t1\n",
    "4evi |\t2\n",
    "4evii |\t2\n",
    "5a | 2\n",
    "5b | 2\n",
    "5c | 1\n",
    "5d | 2\n",
    "6a | 2\n",
    "6b | 1\n",
    "6c | 1\n",
    "6d | 2\n",
    "6e | 2\n",
    "7a | 1\n",
    "7b | 1\n",
    "7c | 2\n",
    "8  | 6\n",
    "**Total** | 72"
   ]
  },
  {
   "cell_type": "code",
   "execution_count": 2,
   "metadata": {},
   "outputs": [],
   "source": [
    "# Run this cell to set up imports\n",
    "import numpy as np\n",
    "import pandas as pd"
   ]
  },
  {
   "cell_type": "markdown",
   "metadata": {},
   "source": [
    "## Getting Connected\n",
    "Similar to Project 1, we will be using the `ipython-sql` library to connect this notebook to a PostgreSQL database server on your JupyterHub account. Run the following cell to initiate the connection."
   ]
  },
  {
   "cell_type": "code",
   "execution_count": 3,
   "metadata": {},
   "outputs": [],
   "source": [
    "%reload_ext sql\n",
    "%sql postgresql://jovyan@127.0.0.1:5432/postgres"
   ]
  },
  {
   "cell_type": "markdown",
   "metadata": {},
   "source": [
    "## Setting up the Database\n",
    "The following cell will create the `baseball` database (if needed), unzip the Postgres dump of the Lahman's Baseball Database, populate the `baseball` database with the desired tables and data, and finally display all databases associated with the Postgres instance. After running the cell, you should see the `baseball` database in the generated list of databases outputted by `%sql \\l`.\n",
    "\n",
    "**Note:** If you run into the **role does not exist** error, feel free to ignore it. It does not affect data import."
   ]
  },
  {
   "cell_type": "code",
   "execution_count": 4,
   "metadata": {},
   "outputs": [
    {
     "name": "stdout",
     "output_type": "stream",
     "text": [
      "DROP DATABASE\n",
      "CREATE DATABASE\n",
      "SET\n",
      "SET\n",
      "SET\n",
      "SET\n",
      " set_config \n",
      "------------\n",
      " \n",
      "(1 row)\n",
      "\n",
      "SET\n",
      "SET\n",
      "SET\n",
      "CREATE EXTENSION\n",
      "COMMENT\n",
      "SET\n",
      "CREATE TABLE\n",
      "psql:<stdin>:49: ERROR:  role \"postgres\" does not exist\n",
      "CREATE TABLE\n",
      "psql:<stdin>:80: ERROR:  role \"postgres\" does not exist\n",
      "CREATE TABLE\n",
      "psql:<stdin>:96: ERROR:  role \"postgres\" does not exist\n",
      "CREATE TABLE\n",
      "psql:<stdin>:112: ERROR:  role \"postgres\" does not exist\n",
      "CREATE TABLE\n",
      "psql:<stdin>:129: ERROR:  role \"postgres\" does not exist\n",
      "CREATE TABLE\n",
      "psql:<stdin>:146: ERROR:  role \"postgres\" does not exist\n",
      "CREATE TABLE\n",
      "psql:<stdin>:178: ERROR:  role \"postgres\" does not exist\n",
      "CREATE TABLE\n",
      "psql:<stdin>:210: ERROR:  role \"postgres\" does not exist\n",
      "CREATE TABLE\n",
      "psql:<stdin>:223: ERROR:  role \"postgres\" does not exist\n",
      "CREATE TABLE\n",
      "psql:<stdin>:251: ERROR:  role \"postgres\" does not exist\n",
      "CREATE TABLE\n",
      "psql:<stdin>:267: ERROR:  role \"postgres\" does not exist\n",
      "CREATE TABLE\n",
      "psql:<stdin>:295: ERROR:  role \"postgres\" does not exist\n",
      "CREATE TABLE\n",
      "psql:<stdin>:322: ERROR:  role \"postgres\" does not exist\n",
      "CREATE TABLE\n",
      "psql:<stdin>:341: ERROR:  role \"postgres\" does not exist\n",
      "CREATE TABLE\n",
      "psql:<stdin>:360: ERROR:  role \"postgres\" does not exist\n",
      "CREATE TABLE\n",
      "psql:<stdin>:380: ERROR:  role \"postgres\" does not exist\n",
      "CREATE TABLE\n",
      "psql:<stdin>:400: ERROR:  role \"postgres\" does not exist\n",
      "CREATE TABLE\n",
      "psql:<stdin>:416: ERROR:  role \"postgres\" does not exist\n",
      "CREATE TABLE\n",
      "psql:<stdin>:450: ERROR:  role \"postgres\" does not exist\n",
      "CREATE TABLE\n",
      "psql:<stdin>:490: ERROR:  role \"postgres\" does not exist\n",
      "CREATE TABLE\n",
      "psql:<stdin>:530: ERROR:  role \"postgres\" does not exist\n",
      "CREATE TABLE\n",
      "psql:<stdin>:545: ERROR:  role \"postgres\" does not exist\n",
      "CREATE TABLE\n",
      "psql:<stdin>:560: ERROR:  role \"postgres\" does not exist\n",
      "CREATE TABLE\n",
      "psql:<stdin>:579: ERROR:  role \"postgres\" does not exist\n",
      "CREATE TABLE\n",
      "psql:<stdin>:637: ERROR:  role \"postgres\" does not exist\n",
      "CREATE TABLE\n",
      "psql:<stdin>:651: ERROR:  role \"postgres\" does not exist\n",
      "CREATE TABLE\n",
      "psql:<stdin>:671: ERROR:  role \"postgres\" does not exist\n",
      "COPY 5219\n",
      "COPY 104256\n",
      "COPY 179\n",
      "COPY 6236\n",
      "COPY 425\n",
      "COPY 6879\n",
      "COPY 104324\n",
      "COPY 13943\n",
      "COPY 17350\n",
      "COPY 138838\n",
      "COPY 12028\n",
      "COPY 31955\n",
      "COPY 13110\n",
      "COPY 4191\n",
      "COPY 3040\n",
      "COPY 3469\n",
      "COPY 93\n",
      "COPY 252\n",
      "COPY 19370\n",
      "COPY 45806\n",
      "COPY 5445\n",
      "COPY 26428\n",
      "COPY 1207\n",
      "COPY 325\n",
      "COPY 2865\n",
      "COPY 120\n",
      "COPY 52\n",
      "ALTER TABLE\n",
      "ALTER TABLE\n",
      "ALTER TABLE\n",
      "ALTER TABLE\n",
      "ALTER TABLE\n",
      "ALTER TABLE\n",
      "ALTER TABLE\n",
      "ALTER TABLE\n",
      "ALTER TABLE\n",
      "ALTER TABLE\n",
      "ALTER TABLE\n",
      "ALTER TABLE\n",
      "ALTER TABLE\n",
      "ALTER TABLE\n",
      "ALTER TABLE\n",
      "ALTER TABLE\n",
      "ALTER TABLE\n",
      "ALTER TABLE\n",
      "ALTER TABLE\n",
      "ALTER TABLE\n",
      "ALTER TABLE\n",
      "ALTER TABLE\n",
      "ALTER TABLE\n",
      "ALTER TABLE\n",
      "ALTER TABLE\n",
      "ALTER TABLE\n",
      "SET\n",
      " * postgresql://jovyan@127.0.0.1:5432/postgres\n",
      "6 rows affected.\n"
     ]
    },
    {
     "data": {
      "text/html": [
       "<table>\n",
       "    <tr>\n",
       "        <th>Name</th>\n",
       "        <th>Owner</th>\n",
       "        <th>Encoding</th>\n",
       "        <th>Collate</th>\n",
       "        <th>Ctype</th>\n",
       "        <th>Access privileges</th>\n",
       "    </tr>\n",
       "    <tr>\n",
       "        <td>baseball</td>\n",
       "        <td>jovyan</td>\n",
       "        <td>UTF8</td>\n",
       "        <td>en_US.utf8</td>\n",
       "        <td>en_US.utf8</td>\n",
       "        <td>None</td>\n",
       "    </tr>\n",
       "    <tr>\n",
       "        <td>imdb</td>\n",
       "        <td>jovyan</td>\n",
       "        <td>UTF8</td>\n",
       "        <td>en_US.utf8</td>\n",
       "        <td>en_US.utf8</td>\n",
       "        <td>None</td>\n",
       "    </tr>\n",
       "    <tr>\n",
       "        <td>jovyan</td>\n",
       "        <td>jovyan</td>\n",
       "        <td>UTF8</td>\n",
       "        <td>en_US.utf8</td>\n",
       "        <td>en_US.utf8</td>\n",
       "        <td>None</td>\n",
       "    </tr>\n",
       "    <tr>\n",
       "        <td>postgres</td>\n",
       "        <td>jovyan</td>\n",
       "        <td>UTF8</td>\n",
       "        <td>en_US.utf8</td>\n",
       "        <td>en_US.utf8</td>\n",
       "        <td>None</td>\n",
       "    </tr>\n",
       "    <tr>\n",
       "        <td>template0</td>\n",
       "        <td>jovyan</td>\n",
       "        <td>UTF8</td>\n",
       "        <td>en_US.utf8</td>\n",
       "        <td>en_US.utf8</td>\n",
       "        <td>=c/jovyan<br>jovyan=CTc/jovyan</td>\n",
       "    </tr>\n",
       "    <tr>\n",
       "        <td>template1</td>\n",
       "        <td>jovyan</td>\n",
       "        <td>UTF8</td>\n",
       "        <td>en_US.utf8</td>\n",
       "        <td>en_US.utf8</td>\n",
       "        <td>=c/jovyan<br>jovyan=CTc/jovyan</td>\n",
       "    </tr>\n",
       "</table>"
      ],
      "text/plain": [
       "[('baseball', 'jovyan', 'UTF8', 'en_US.utf8', 'en_US.utf8', None),\n",
       " ('imdb', 'jovyan', 'UTF8', 'en_US.utf8', 'en_US.utf8', None),\n",
       " ('jovyan', 'jovyan', 'UTF8', 'en_US.utf8', 'en_US.utf8', None),\n",
       " ('postgres', 'jovyan', 'UTF8', 'en_US.utf8', 'en_US.utf8', None),\n",
       " ('template0',\n",
       "  'jovyan',\n",
       "  'UTF8',\n",
       "  'en_US.utf8',\n",
       "  'en_US.utf8',\n",
       "  '=c/jovyan\\njovyan=CTc/jovyan'),\n",
       " ('template1',\n",
       "  'jovyan',\n",
       "  'UTF8',\n",
       "  'en_US.utf8',\n",
       "  'en_US.utf8',\n",
       "  '=c/jovyan\\njovyan=CTc/jovyan')]"
      ]
     },
     "execution_count": 4,
     "metadata": {},
     "output_type": "execute_result"
    }
   ],
   "source": [
    "!psql -h localhost -c 'DROP DATABASE IF EXISTS baseball'\n",
    "!psql -h localhost -c 'CREATE DATABASE baseball'\n",
    "!gzip -dc data/lahman.pgdump.gz | psql -h localhost -d baseball -f -\n",
    "!psql -h localhost -c 'SET max_parallel_workers_per_gather = 0;'\n",
    "%sql \\l"
   ]
  },
  {
   "cell_type": "markdown",
   "metadata": {},
   "source": [
    "Now, run the following cell to connect to the `baseball` database. There should be no errors after running the following cell."
   ]
  },
  {
   "cell_type": "code",
   "execution_count": 5,
   "metadata": {},
   "outputs": [],
   "source": [
    "%sql postgresql://jovyan@127.0.0.1:5432/baseball"
   ]
  },
  {
   "cell_type": "markdown",
   "metadata": {},
   "source": [
    "To ensure that the connection to the database has been established, let's try grabbing the first 5 rows from the `halloffame` table."
   ]
  },
  {
   "cell_type": "code",
   "execution_count": 6,
   "metadata": {},
   "outputs": [
    {
     "name": "stdout",
     "output_type": "stream",
     "text": [
      " * postgresql://jovyan@127.0.0.1:5432/baseball\n",
      "   postgresql://jovyan@127.0.0.1:5432/postgres\n",
      "5 rows affected.\n"
     ]
    },
    {
     "data": {
      "text/html": [
       "<table>\n",
       "    <tr>\n",
       "        <th>playerid</th>\n",
       "        <th>yearid</th>\n",
       "        <th>votedby</th>\n",
       "        <th>ballots</th>\n",
       "        <th>needed</th>\n",
       "        <th>votes</th>\n",
       "        <th>inducted</th>\n",
       "        <th>category</th>\n",
       "        <th>needed_note</th>\n",
       "    </tr>\n",
       "    <tr>\n",
       "        <td>cobbty01</td>\n",
       "        <td>1936</td>\n",
       "        <td>BBWAA</td>\n",
       "        <td>226</td>\n",
       "        <td>170</td>\n",
       "        <td>222</td>\n",
       "        <td>Y</td>\n",
       "        <td>Player</td>\n",
       "        <td>None</td>\n",
       "    </tr>\n",
       "    <tr>\n",
       "        <td>ruthba01</td>\n",
       "        <td>1936</td>\n",
       "        <td>BBWAA</td>\n",
       "        <td>226</td>\n",
       "        <td>170</td>\n",
       "        <td>215</td>\n",
       "        <td>Y</td>\n",
       "        <td>Player</td>\n",
       "        <td>None</td>\n",
       "    </tr>\n",
       "    <tr>\n",
       "        <td>wagneho01</td>\n",
       "        <td>1936</td>\n",
       "        <td>BBWAA</td>\n",
       "        <td>226</td>\n",
       "        <td>170</td>\n",
       "        <td>215</td>\n",
       "        <td>Y</td>\n",
       "        <td>Player</td>\n",
       "        <td>None</td>\n",
       "    </tr>\n",
       "    <tr>\n",
       "        <td>mathech01</td>\n",
       "        <td>1936</td>\n",
       "        <td>BBWAA</td>\n",
       "        <td>226</td>\n",
       "        <td>170</td>\n",
       "        <td>205</td>\n",
       "        <td>Y</td>\n",
       "        <td>Player</td>\n",
       "        <td>None</td>\n",
       "    </tr>\n",
       "    <tr>\n",
       "        <td>johnswa01</td>\n",
       "        <td>1936</td>\n",
       "        <td>BBWAA</td>\n",
       "        <td>226</td>\n",
       "        <td>170</td>\n",
       "        <td>189</td>\n",
       "        <td>Y</td>\n",
       "        <td>Player</td>\n",
       "        <td>None</td>\n",
       "    </tr>\n",
       "</table>"
      ],
      "text/plain": [
       "[('cobbty01', 1936, 'BBWAA', 226, 170, 222, 'Y', 'Player', None),\n",
       " ('ruthba01', 1936, 'BBWAA', 226, 170, 215, 'Y', 'Player', None),\n",
       " ('wagneho01', 1936, 'BBWAA', 226, 170, 215, 'Y', 'Player', None),\n",
       " ('mathech01', 1936, 'BBWAA', 226, 170, 205, 'Y', 'Player', None),\n",
       " ('johnswa01', 1936, 'BBWAA', 226, 170, 189, 'Y', 'Player', None)]"
      ]
     },
     "execution_count": 6,
     "metadata": {},
     "output_type": "execute_result"
    }
   ],
   "source": [
    "%%sql\n",
    "SELECT * FROM halloffame LIMIT 5"
   ]
  },
  {
   "cell_type": "markdown",
   "metadata": {},
   "source": [
    "Run the following cell for grading purposes."
   ]
  },
  {
   "cell_type": "code",
   "execution_count": 7,
   "metadata": {},
   "outputs": [],
   "source": [
    "!mkdir -p results"
   ]
  },
  {
   "cell_type": "markdown",
   "metadata": {},
   "source": [
    "## Table Descriptions\n",
    "In its entirety the Lahman's Baseball Database contains 27 tables containing a variety of statistics for players, teams, games, schools, etc. For simplicity, this project will focus on a subset of the tables:\n",
    "* `appearances`: details on the positions each player appeared at\n",
    "* `batting`: batting statistics for each player\n",
    "* `collegeplaying`: list of players and the colleges they attended\n",
    "* `halloffame`: Hall of Fame voting data\n",
    "* `people`: player information (name, date of birth, and biographical info)\n",
    "* `salaries`: player salary data\n",
    "* `schools`: list of colleges that players attended\n",
    "\n",
    "As a reminder from Project 1, `%sql \\d <table_name>` is helpful for identifying the columns in a table."
   ]
  },
  {
   "cell_type": "code",
   "execution_count": 8,
   "metadata": {},
   "outputs": [
    {
     "name": "stdout",
     "output_type": "stream",
     "text": [
      " * postgresql://jovyan@127.0.0.1:5432/baseball\n",
      "   postgresql://jovyan@127.0.0.1:5432/postgres\n",
      "2 rows affected.\n"
     ]
    },
    {
     "data": {
      "text/html": [
       "<table>\n",
       "    <tr>\n",
       "        <th>yearid</th>\n",
       "        <th>teamid</th>\n",
       "        <th>lgid</th>\n",
       "        <th>playerid</th>\n",
       "        <th>g_all</th>\n",
       "        <th>gs</th>\n",
       "        <th>g_batting</th>\n",
       "        <th>g_defense</th>\n",
       "        <th>g_p</th>\n",
       "        <th>g_c</th>\n",
       "        <th>g_1b</th>\n",
       "        <th>g_2b</th>\n",
       "        <th>g_3b</th>\n",
       "        <th>g_ss</th>\n",
       "        <th>g_lf</th>\n",
       "        <th>g_cf</th>\n",
       "        <th>g_rf</th>\n",
       "        <th>g_of</th>\n",
       "        <th>g_dh</th>\n",
       "        <th>g_ph</th>\n",
       "        <th>g_pr</th>\n",
       "    </tr>\n",
       "    <tr>\n",
       "        <td>1871</td>\n",
       "        <td>TRO</td>\n",
       "        <td>NA</td>\n",
       "        <td>abercda01</td>\n",
       "        <td>1</td>\n",
       "        <td>1</td>\n",
       "        <td>1</td>\n",
       "        <td>1</td>\n",
       "        <td>0</td>\n",
       "        <td>0</td>\n",
       "        <td>0</td>\n",
       "        <td>0</td>\n",
       "        <td>0</td>\n",
       "        <td>1</td>\n",
       "        <td>0</td>\n",
       "        <td>0</td>\n",
       "        <td>0</td>\n",
       "        <td>0</td>\n",
       "        <td>0</td>\n",
       "        <td>0</td>\n",
       "        <td>0</td>\n",
       "    </tr>\n",
       "    <tr>\n",
       "        <td>1871</td>\n",
       "        <td>RC1</td>\n",
       "        <td>NA</td>\n",
       "        <td>addybo01</td>\n",
       "        <td>25</td>\n",
       "        <td>25</td>\n",
       "        <td>25</td>\n",
       "        <td>25</td>\n",
       "        <td>0</td>\n",
       "        <td>0</td>\n",
       "        <td>0</td>\n",
       "        <td>22</td>\n",
       "        <td>0</td>\n",
       "        <td>3</td>\n",
       "        <td>0</td>\n",
       "        <td>0</td>\n",
       "        <td>0</td>\n",
       "        <td>0</td>\n",
       "        <td>0</td>\n",
       "        <td>0</td>\n",
       "        <td>0</td>\n",
       "    </tr>\n",
       "</table>"
      ],
      "text/plain": [
       "[(1871, 'TRO', 'NA', 'abercda01', 1, 1, 1, 1, 0, 0, 0, 0, 0, 1, 0, 0, 0, 0, 0, 0, 0),\n",
       " (1871, 'RC1', 'NA', 'addybo01', 25, 25, 25, 25, 0, 0, 0, 22, 0, 3, 0, 0, 0, 0, 0, 0, 0)]"
      ]
     },
     "execution_count": 8,
     "metadata": {},
     "output_type": "execute_result"
    }
   ],
   "source": [
    "%%sql\n",
    "SELECT * \n",
    "FROM appearances\n",
    "LIMIT 2"
   ]
  },
  {
   "cell_type": "code",
   "execution_count": 9,
   "metadata": {},
   "outputs": [
    {
     "name": "stdout",
     "output_type": "stream",
     "text": [
      " * postgresql://jovyan@127.0.0.1:5432/baseball\n",
      "   postgresql://jovyan@127.0.0.1:5432/postgres\n",
      "2 rows affected.\n"
     ]
    },
    {
     "data": {
      "text/html": [
       "<table>\n",
       "    <tr>\n",
       "        <th>playerid</th>\n",
       "        <th>yearid</th>\n",
       "        <th>stint</th>\n",
       "        <th>teamid</th>\n",
       "        <th>lgid</th>\n",
       "        <th>g</th>\n",
       "        <th>ab</th>\n",
       "        <th>r</th>\n",
       "        <th>h</th>\n",
       "        <th>h2b</th>\n",
       "        <th>h3b</th>\n",
       "        <th>hr</th>\n",
       "        <th>rbi</th>\n",
       "        <th>sb</th>\n",
       "        <th>cs</th>\n",
       "        <th>bb</th>\n",
       "        <th>so</th>\n",
       "        <th>ibb</th>\n",
       "        <th>hbp</th>\n",
       "        <th>sh</th>\n",
       "        <th>sf</th>\n",
       "        <th>gidp</th>\n",
       "    </tr>\n",
       "    <tr>\n",
       "        <td>abercda01</td>\n",
       "        <td>1871</td>\n",
       "        <td>1</td>\n",
       "        <td>TRO</td>\n",
       "        <td>NA</td>\n",
       "        <td>1</td>\n",
       "        <td>4</td>\n",
       "        <td>0</td>\n",
       "        <td>0</td>\n",
       "        <td>0</td>\n",
       "        <td>0</td>\n",
       "        <td>0</td>\n",
       "        <td>0</td>\n",
       "        <td>0</td>\n",
       "        <td>0</td>\n",
       "        <td>0</td>\n",
       "        <td>0</td>\n",
       "        <td>None</td>\n",
       "        <td>None</td>\n",
       "        <td>None</td>\n",
       "        <td>None</td>\n",
       "        <td>0</td>\n",
       "    </tr>\n",
       "    <tr>\n",
       "        <td>addybo01</td>\n",
       "        <td>1871</td>\n",
       "        <td>1</td>\n",
       "        <td>RC1</td>\n",
       "        <td>NA</td>\n",
       "        <td>25</td>\n",
       "        <td>118</td>\n",
       "        <td>30</td>\n",
       "        <td>32</td>\n",
       "        <td>6</td>\n",
       "        <td>0</td>\n",
       "        <td>0</td>\n",
       "        <td>13</td>\n",
       "        <td>8</td>\n",
       "        <td>1</td>\n",
       "        <td>4</td>\n",
       "        <td>0</td>\n",
       "        <td>None</td>\n",
       "        <td>None</td>\n",
       "        <td>None</td>\n",
       "        <td>None</td>\n",
       "        <td>0</td>\n",
       "    </tr>\n",
       "</table>"
      ],
      "text/plain": [
       "[('abercda01', 1871, 1, 'TRO', 'NA', 1, 4, 0, 0, 0, 0, 0, 0, 0, 0, 0, 0, None, None, None, None, 0),\n",
       " ('addybo01', 1871, 1, 'RC1', 'NA', 25, 118, 30, 32, 6, 0, 0, 13, 8, 1, 4, 0, None, None, None, None, 0)]"
      ]
     },
     "execution_count": 9,
     "metadata": {},
     "output_type": "execute_result"
    }
   ],
   "source": [
    "%%sql\n",
    "SELECT * \n",
    "FROM batting\n",
    "LIMIT 2"
   ]
  },
  {
   "cell_type": "code",
   "execution_count": 10,
   "metadata": {},
   "outputs": [
    {
     "name": "stdout",
     "output_type": "stream",
     "text": [
      " * postgresql://jovyan@127.0.0.1:5432/baseball\n",
      "   postgresql://jovyan@127.0.0.1:5432/postgres\n",
      "2 rows affected.\n"
     ]
    },
    {
     "data": {
      "text/html": [
       "<table>\n",
       "    <tr>\n",
       "        <th>playerid</th>\n",
       "        <th>schoolid</th>\n",
       "        <th>yearid</th>\n",
       "    </tr>\n",
       "    <tr>\n",
       "        <td>aardsda01</td>\n",
       "        <td>pennst</td>\n",
       "        <td>2001</td>\n",
       "    </tr>\n",
       "    <tr>\n",
       "        <td>aardsda01</td>\n",
       "        <td>rice</td>\n",
       "        <td>2002</td>\n",
       "    </tr>\n",
       "</table>"
      ],
      "text/plain": [
       "[('aardsda01', 'pennst', 2001), ('aardsda01', 'rice', 2002)]"
      ]
     },
     "execution_count": 10,
     "metadata": {},
     "output_type": "execute_result"
    }
   ],
   "source": [
    "%%sql\n",
    "SELECT * \n",
    "FROM collegeplaying\n",
    "LIMIT 2"
   ]
  },
  {
   "cell_type": "code",
   "execution_count": 11,
   "metadata": {},
   "outputs": [
    {
     "name": "stdout",
     "output_type": "stream",
     "text": [
      " * postgresql://jovyan@127.0.0.1:5432/baseball\n",
      "   postgresql://jovyan@127.0.0.1:5432/postgres\n",
      "2 rows affected.\n"
     ]
    },
    {
     "data": {
      "text/html": [
       "<table>\n",
       "    <tr>\n",
       "        <th>schoolid</th>\n",
       "        <th>schoolname</th>\n",
       "        <th>schoolcity</th>\n",
       "        <th>schoolstate</th>\n",
       "        <th>schoolnick</th>\n",
       "    </tr>\n",
       "    <tr>\n",
       "        <td>abilchrist</td>\n",
       "        <td>Abilene Christian University</td>\n",
       "        <td>Abilene</td>\n",
       "        <td>TX</td>\n",
       "        <td>USA</td>\n",
       "    </tr>\n",
       "    <tr>\n",
       "        <td>adelphi</td>\n",
       "        <td>Adelphi University</td>\n",
       "        <td>Garden City</td>\n",
       "        <td>NY</td>\n",
       "        <td>USA</td>\n",
       "    </tr>\n",
       "</table>"
      ],
      "text/plain": [
       "[('abilchrist', 'Abilene Christian University', 'Abilene', 'TX', 'USA'),\n",
       " ('adelphi', 'Adelphi University', 'Garden City', 'NY', 'USA')]"
      ]
     },
     "execution_count": 11,
     "metadata": {},
     "output_type": "execute_result"
    }
   ],
   "source": [
    "%%sql\n",
    "SELECT *\n",
    "FROM schools\n",
    "LIMIT 2"
   ]
  },
  {
   "cell_type": "markdown",
   "metadata": {
    "deletable": false,
    "editable": false
   },
   "source": [
    "## Question 0: PostgreSQL Explain Analyze\n",
    "**Please read through this section carefully, as a vast majority of the project will require you to inspect query plans via interpreting the output of the explain analyze command.**\n",
    "\n",
    "To inspect the query plan for a given query, create a variable storing the query as a string and invoke a `psql` shell command to `explain analyze` the query: \n",
    "\n",
    "`your_variable = \"__REPLACE_ME_WITH_QUERY__\"`\n",
    "\n",
    "`!psql -h localhost -d baseball -c \"explain analyze $your_variable\"`\n",
    "\n",
    "Take a look at the following sample query plan.\n",
    "\n",
    "![title](data/sample_query.png)\n",
    "\n",
    "It is highly recommended to read through [this article](https://www.cybertec-postgresql.com/en/how-to-interpret-postgresql-explain-analyze-output/) to see how you can interpret the output above. Everything before \"Tools to interpret Explain Analyze output\" is useful.\n",
    "\n",
    "Here are some key things to note:\n",
    "- There are two cost values: the first is the **startup cost** (cost to return the first row) and the second is the **total cost** (cost to return all rows).\n",
    "- The unit for the estimated query cost is arbitrary (1 is the cost for reading an 8kB page during a sequential scan)\n",
    "- When we ask you to identify the query cost, we are looking for the **total cost**\n",
    "- When we ask you to identify the query time, we are looking for the **execution time** (in ms)\n",
    "- Feel free to round the query cost / time to the nearest integer, but we'll accept anything more exact\n",
    "- We recognzie that the execution time may vary between different cell executions, so the autograder will tolerate a reasonable range\n",
    "\n",
    "Now, inspect the query plan above, and record the **cost** and **time** for the sample query.\n",
    "\n",
    "<!--\n",
    "BEGIN QUESTION\n",
    "name: q0\n",
    "points: 1\n",
    "-->"
   ]
  },
  {
   "cell_type": "markdown",
   "metadata": {},
   "source": [
    "**The first numbers you see after cost= are known as the “startup cost”. This is an estimate of how long it will take to fetch the first row. As such, the startup cost of an operation includes the cost of its children."
   ]
  },
  {
   "cell_type": "code",
   "execution_count": 12,
   "metadata": {},
   "outputs": [],
   "source": [
    "sample_query_cost = 1193.88\n",
    "sample_query_timing = 185.896"
   ]
  },
  {
   "cell_type": "code",
   "execution_count": 13,
   "metadata": {
    "deletable": false,
    "editable": false
   },
   "outputs": [
    {
     "data": {
      "text/html": [
       "<p><strong><pre style='display: inline;'>q0</pre></strong> passed!</p>"
      ],
      "text/plain": [
       "q0 results: All test cases passed!"
      ]
     },
     "execution_count": 13,
     "metadata": {},
     "output_type": "execute_result"
    }
   ],
   "source": [
    "grader.check(\"q0\")"
   ]
  },
  {
   "cell_type": "markdown",
   "metadata": {},
   "source": [
    "## Question 1: Queries and Views\n",
    "### Question 1a:\n",
    "Write a query that finds `namefirst`, `namelast`, `playerid` and `yearid` of all people who were successfully inducted into the Hall of Fame. **Note**: Your query should **NOT** use any sub-queries."
   ]
  },
  {
   "cell_type": "code",
   "execution_count": 14,
   "metadata": {},
   "outputs": [
    {
     "name": "stdout",
     "output_type": "stream",
     "text": [
      " * postgresql://jovyan@127.0.0.1:5432/baseball\n",
      "   postgresql://jovyan@127.0.0.1:5432/postgres\n",
      "10 rows affected.\n"
     ]
    },
    {
     "data": {
      "text/html": [
       "<table>\n",
       "    <tr>\n",
       "        <th>namefirst</th>\n",
       "        <th>namelast</th>\n",
       "        <th>playerid</th>\n",
       "        <th>yearid</th>\n",
       "    </tr>\n",
       "    <tr>\n",
       "        <td>Hank</td>\n",
       "        <td>Aaron</td>\n",
       "        <td>aaronha01</td>\n",
       "        <td>1982</td>\n",
       "    </tr>\n",
       "    <tr>\n",
       "        <td>Jim</td>\n",
       "        <td>Abbott</td>\n",
       "        <td>abbotji01</td>\n",
       "        <td>2005</td>\n",
       "    </tr>\n",
       "    <tr>\n",
       "        <td>Babe</td>\n",
       "        <td>Adams</td>\n",
       "        <td>adamsba01</td>\n",
       "        <td>1937</td>\n",
       "    </tr>\n",
       "    <tr>\n",
       "        <td>Babe</td>\n",
       "        <td>Adams</td>\n",
       "        <td>adamsba01</td>\n",
       "        <td>1938</td>\n",
       "    </tr>\n",
       "    <tr>\n",
       "        <td>Babe</td>\n",
       "        <td>Adams</td>\n",
       "        <td>adamsba01</td>\n",
       "        <td>1939</td>\n",
       "    </tr>\n",
       "    <tr>\n",
       "        <td>Babe</td>\n",
       "        <td>Adams</td>\n",
       "        <td>adamsba01</td>\n",
       "        <td>1942</td>\n",
       "    </tr>\n",
       "    <tr>\n",
       "        <td>Babe</td>\n",
       "        <td>Adams</td>\n",
       "        <td>adamsba01</td>\n",
       "        <td>1945</td>\n",
       "    </tr>\n",
       "    <tr>\n",
       "        <td>Babe</td>\n",
       "        <td>Adams</td>\n",
       "        <td>adamsba01</td>\n",
       "        <td>1946</td>\n",
       "    </tr>\n",
       "    <tr>\n",
       "        <td>Babe</td>\n",
       "        <td>Adams</td>\n",
       "        <td>adamsba01</td>\n",
       "        <td>1947</td>\n",
       "    </tr>\n",
       "    <tr>\n",
       "        <td>Babe</td>\n",
       "        <td>Adams</td>\n",
       "        <td>adamsba01</td>\n",
       "        <td>1948</td>\n",
       "    </tr>\n",
       "</table>"
      ],
      "text/plain": [
       "[('Hank', 'Aaron', 'aaronha01', 1982),\n",
       " ('Jim', 'Abbott', 'abbotji01', 2005),\n",
       " ('Babe', 'Adams', 'adamsba01', 1937),\n",
       " ('Babe', 'Adams', 'adamsba01', 1938),\n",
       " ('Babe', 'Adams', 'adamsba01', 1939),\n",
       " ('Babe', 'Adams', 'adamsba01', 1942),\n",
       " ('Babe', 'Adams', 'adamsba01', 1945),\n",
       " ('Babe', 'Adams', 'adamsba01', 1946),\n",
       " ('Babe', 'Adams', 'adamsba01', 1947),\n",
       " ('Babe', 'Adams', 'adamsba01', 1948)]"
      ]
     },
     "execution_count": 14,
     "metadata": {},
     "output_type": "execute_result"
    }
   ],
   "source": [
    "%%sql\n",
    "SELECT namefirst, namelast, halloffame.playerid, yearid\n",
    "FROM halloffame\n",
    "INNER JOIN people ON people.playerid = halloffame.playerid\n",
    "LIMIT 10"
   ]
  },
  {
   "cell_type": "code",
   "execution_count": 15,
   "metadata": {},
   "outputs": [
    {
     "name": "stdout",
     "output_type": "stream",
     "text": [
      " * postgresql://jovyan@127.0.0.1:5432/baseball\n",
      "   postgresql://jovyan@127.0.0.1:5432/postgres\n",
      "323 rows affected.\n",
      "Returning data to local variable result_1a\n"
     ]
    }
   ],
   "source": [
    "%%sql result_1a <<\n",
    "SELECT namefirst, namelast, halloffame.playerid, yearid\n",
    "FROM halloffame\n",
    "JOIN people ON people.playerid = halloffame.playerid AND inducted = 'Y'"
   ]
  },
  {
   "cell_type": "code",
   "execution_count": 16,
   "metadata": {},
   "outputs": [],
   "source": [
    "# Do not delete/edit this cell\n",
    "result_1a.DataFrame().sort_values(['playerid', 'yearid']).to_csv('results/result_1a.csv', index=False)"
   ]
  },
  {
   "cell_type": "code",
   "execution_count": 17,
   "metadata": {},
   "outputs": [
    {
     "data": {
      "text/plain": [
       "(323, 4)"
      ]
     },
     "execution_count": 17,
     "metadata": {},
     "output_type": "execute_result"
    }
   ],
   "source": [
    "pd.read_csv('results/result_1a.csv').shape"
   ]
  },
  {
   "cell_type": "code",
   "execution_count": 18,
   "metadata": {
    "deletable": false,
    "editable": false
   },
   "outputs": [
    {
     "data": {
      "text/html": [
       "<p><strong><pre style='display: inline;'>q1a</pre></strong> passed!</p>"
      ],
      "text/plain": [
       "q1a results: All test cases passed!"
      ]
     },
     "execution_count": 18,
     "metadata": {},
     "output_type": "execute_result"
    }
   ],
   "source": [
    "grader.check(\"q1a\")"
   ]
  },
  {
   "cell_type": "markdown",
   "metadata": {},
   "source": [
    "### Question 1b:\n",
    "In this question, we will compare the query you wrote in `Question 1a` against the provided query in `Question 1bi` by inspecting the query plans.\n",
    "\n",
    "#### Question 1bi: \n",
    "Inspect the query plan for `provided_query` and the query you wrote in `Question 1a`. Record the **execution time** and **cost** for each query."
   ]
  },
  {
   "cell_type": "code",
   "execution_count": 19,
   "metadata": {},
   "outputs": [
    {
     "name": "stdout",
     "output_type": "stream",
     "text": [
      " * postgresql://jovyan@127.0.0.1:5432/baseball\n",
      "   postgresql://jovyan@127.0.0.1:5432/postgres\n",
      "323 rows affected.\n",
      "Returning data to local variable provided_query\n"
     ]
    }
   ],
   "source": [
    "%%sql provided_query <<\n",
    "SELECT namefirst, namelast, p.playerid, yearid\n",
    "FROM people AS p, (SELECT * FROM halloffame WHERE inducted = 'Y') AS hof \n",
    "WHERE p.playerid = hof.playerid;"
   ]
  },
  {
   "cell_type": "code",
   "execution_count": 20,
   "metadata": {},
   "outputs": [
    {
     "name": "stdout",
     "output_type": "stream",
     "text": [
      "                                                       QUERY PLAN                                                        \r\n",
      "-------------------------------------------------------------------------------------------------------------------------\r\n",
      " Hash Join  (cost=861.83..959.06 rows=323 width=25) (actual time=10.865..11.628 rows=323 loops=1)\r\n",
      "   Hash Cond: ((halloffame.playerid)::text = (p.playerid)::text)\r\n",
      "   ->  Seq Scan on halloffame  (cost=0.00..96.39 rows=323 width=13) (actual time=0.030..0.655 rows=323 loops=1)\r\n",
      "         Filter: ((inducted)::text = 'Y'::text)\r\n",
      "         Rows Removed by Filter: 3868\r\n",
      "   ->  Hash  (cost=619.70..619.70 rows=19370 width=21) (actual time=10.604..10.606 rows=19370 loops=1)\r\n",
      "         Buckets: 32768  Batches: 1  Memory Usage: 1293kB\r\n",
      "         ->  Seq Scan on people p  (cost=0.00..619.70 rows=19370 width=21) (actual time=0.010..5.172 rows=19370 loops=1)\r\n",
      " Planning Time: 1.137 ms\r\n",
      " Execution Time: 11.797 ms\r\n",
      "(10 rows)\r\n",
      "\r\n"
     ]
    }
   ],
   "source": [
    "provided_query_str = \"SELECT namefirst, namelast, p.playerid, yearid FROM people AS p, (SELECT * FROM halloffame WHERE inducted = 'Y') AS hof WHERE hof.inducted = 'Y' AND p.playerid = hof.playerid;\"\n",
    "!psql -h localhost -d baseball -c \"explain analyze $provided_query_str\""
   ]
  },
  {
   "cell_type": "code",
   "execution_count": 21,
   "metadata": {},
   "outputs": [
    {
     "name": "stdout",
     "output_type": "stream",
     "text": [
      "                                                      QUERY PLAN                                                       \r\n",
      "-----------------------------------------------------------------------------------------------------------------------\r\n",
      " Hash Join  (cost=861.83..959.06 rows=323 width=25) (actual time=10.461..11.187 rows=323 loops=1)\r\n",
      "   Hash Cond: ((halloffame.playerid)::text = (people.playerid)::text)\r\n",
      "   ->  Seq Scan on halloffame  (cost=0.00..96.39 rows=323 width=13) (actual time=0.029..0.594 rows=323 loops=1)\r\n",
      "         Filter: ((inducted)::text = 'Y'::text)\r\n",
      "         Rows Removed by Filter: 3868\r\n",
      "   ->  Hash  (cost=619.70..619.70 rows=19370 width=21) (actual time=10.215..10.216 rows=19370 loops=1)\r\n",
      "         Buckets: 32768  Batches: 1  Memory Usage: 1293kB\r\n",
      "         ->  Seq Scan on people  (cost=0.00..619.70 rows=19370 width=21) (actual time=0.010..5.069 rows=19370 loops=1)\r\n",
      " Planning Time: 1.063 ms\r\n",
      " Execution Time: 11.312 ms\r\n",
      "(10 rows)\r\n",
      "\r\n"
     ]
    }
   ],
   "source": [
    "inducted_hof_query_str = \"SELECT namefirst, namelast, halloffame.playerid, yearid FROM halloffame JOIN people ON people.playerid = halloffame.playerid AND inducted = 'Y'\"\n",
    "!psql -h localhost -d baseball -c \"explain analyze $inducted_hof_query_str\""
   ]
  },
  {
   "cell_type": "code",
   "execution_count": 23,
   "metadata": {},
   "outputs": [],
   "source": [
    "provided_query_cost = 959.06\n",
    "provided_query_timing = 11.797\n",
    "your_query_cost = 959.06\n",
    "your_query_timing = 11.312"
   ]
  },
  {
   "cell_type": "code",
   "execution_count": 24,
   "metadata": {
    "deletable": false,
    "editable": false
   },
   "outputs": [
    {
     "data": {
      "text/html": [
       "<p><strong><pre style='display: inline;'>q1bi</pre></strong> passed!</p>"
      ],
      "text/plain": [
       "q1bi results: All test cases passed!"
      ]
     },
     "execution_count": 24,
     "metadata": {},
     "output_type": "execute_result"
    }
   ],
   "source": [
    "grader.check(\"q1bi\")"
   ]
  },
  {
   "cell_type": "markdown",
   "metadata": {
    "deletable": false,
    "editable": false
   },
   "source": [
    "#### Question 1bii:\n",
    "Given your findings from inspecting the query plans of the two queries, answer the following question. Assign the variable `q1b_part2` to a list of answer choices which are true statements.\n",
    "\n",
    "1. Consider the following statements:\n",
    "    1. Both the queries have the same cost.\n",
    "    1. The provided query has a faster execution time because it makes use of a subquery.\n",
    "    1. The query you wrote has a faster execution time because it does not make use a subquery.\n",
    "    1. The provided query has less cost because it makes use of a subquery.\n",
    "    1. The query you wrote has less cost because it does not make use a subquery.\n",
    "    1. The queries have the same output.\n",
    "    1. The queries do not have the same output.\n",
    "    \n",
    "**Note:** Your answer should look like `q1b_part2 = ['A', 'B']`\n",
    "\n",
    "<!--\n",
    "BEGIN QUESTION\n",
    "name: q1bii\n",
    "points: 2\n",
    "-->"
   ]
  },
  {
   "cell_type": "code",
   "execution_count": 25,
   "metadata": {},
   "outputs": [],
   "source": [
    "q1b_part2 = ['A', 'F']"
   ]
  },
  {
   "cell_type": "code",
   "execution_count": 26,
   "metadata": {
    "deletable": false,
    "editable": false
   },
   "outputs": [
    {
     "data": {
      "text/html": [
       "<p><strong><pre style='display: inline;'>q1bii</pre></strong> passed!</p>"
      ],
      "text/plain": [
       "q1bii results: All test cases passed!"
      ]
     },
     "execution_count": 26,
     "metadata": {},
     "output_type": "execute_result"
    }
   ],
   "source": [
    "grader.check(\"q1bii\")"
   ]
  },
  {
   "cell_type": "markdown",
   "metadata": {},
   "source": [
    "### Question 1c:\n",
    "Write a query that creates a view named `inducted_hof_ca` of the people who were successfully inducted into the Hall of Fame and played in college at a school located in California. For each player, return their `namefirst`, `namelast`, `playerid`, `schoolid`, and `yearid` ordered by the `yearid` and then the `playerid`. \n",
    "\n",
    "**Note**: For this query, `yearid` refers to player's year of induction into the Hall of Fame."
   ]
  },
  {
   "cell_type": "markdown",
   "metadata": {},
   "source": [
    "idea: successfully inducted into the hall of fame and played in college at a school located in california"
   ]
  },
  {
   "cell_type": "code",
   "execution_count": 27,
   "metadata": {},
   "outputs": [
    {
     "name": "stdout",
     "output_type": "stream",
     "text": [
      " * postgresql://jovyan@127.0.0.1:5432/baseball\n",
      "   postgresql://jovyan@127.0.0.1:5432/postgres\n",
      "2 rows affected.\n"
     ]
    },
    {
     "data": {
      "text/html": [
       "<table>\n",
       "    <tr>\n",
       "        <th>namefirst</th>\n",
       "        <th>namelast</th>\n",
       "        <th>playerid</th>\n",
       "        <th>schoolid</th>\n",
       "        <th>yearid</th>\n",
       "    </tr>\n",
       "    <tr>\n",
       "        <td>Jackie</td>\n",
       "        <td>Robinson</td>\n",
       "        <td>robinja02</td>\n",
       "        <td>ucla</td>\n",
       "        <td>1962</td>\n",
       "    </tr>\n",
       "    <tr>\n",
       "        <td>Harry</td>\n",
       "        <td>Hooper</td>\n",
       "        <td>hoopeha01</td>\n",
       "        <td>stmarysca</td>\n",
       "        <td>1971</td>\n",
       "    </tr>\n",
       "</table>"
      ],
      "text/plain": [
       "[('Jackie', 'Robinson', 'robinja02', 'ucla', 1962),\n",
       " ('Harry', 'Hooper', 'hoopeha01', 'stmarysca', 1971)]"
      ]
     },
     "execution_count": 27,
     "metadata": {},
     "output_type": "execute_result"
    }
   ],
   "source": [
    "%%sql \n",
    "SELECT namefirst, namelast, c.playerid, c.schoolid, hof.yearid\n",
    "FROM collegeplaying AS c, (SELECT namefirst, namelast, p.playerid, yearid\n",
    "    FROM people AS p, (SELECT * FROM halloffame WHERE inducted = 'Y') AS hof \n",
    "    WHERE p.playerid = hof.playerid) AS hof, (SELECT * FROM schools WHERE schoolstate = 'CA') AS sch\n",
    "                                             \n",
    "WHERE c.playerid = hof.playerid AND sch.schoolid = c.schoolid\n",
    "ORDER BY hof.yearid, c.playerid\n",
    "LIMIT 2;\n"
   ]
  },
  {
   "cell_type": "code",
   "execution_count": 28,
   "metadata": {},
   "outputs": [
    {
     "name": "stdout",
     "output_type": "stream",
     "text": [
      " * postgresql://jovyan@127.0.0.1:5432/baseball\n",
      "   postgresql://jovyan@127.0.0.1:5432/postgres\n",
      "Done.\n",
      "Done.\n",
      "23 rows affected.\n",
      "Returning data to local variable result_1c\n"
     ]
    }
   ],
   "source": [
    "%%sql result_1c <<\n",
    "DROP VIEW IF EXISTS inducted_hof_ca;\n",
    "CREATE VIEW inducted_hof_ca AS \n",
    "SELECT namefirst, namelast, c.playerid, c.schoolid, hof.yearid\n",
    "FROM collegeplaying AS c, (SELECT namefirst, namelast, p.playerid, yearid\n",
    "    FROM people AS p, (SELECT * FROM halloffame WHERE inducted = 'Y') AS hof \n",
    "    WHERE p.playerid = hof.playerid) AS hof, (SELECT * FROM schools WHERE schoolstate = 'CA') AS sch\n",
    "                         \n",
    "WHERE c.playerid = hof.playerid AND sch.schoolid = c.schoolid\n",
    "ORDER BY hof.yearid, c.playerid;\n",
    "\n",
    "SELECT * FROM inducted_hof_ca;"
   ]
  },
  {
   "cell_type": "code",
   "execution_count": 29,
   "metadata": {},
   "outputs": [],
   "source": [
    "# Do not delete/edit this cell\n",
    "result_1c.DataFrame().sort_values(['playerid', 'schoolid', 'yearid']).to_csv('results/result_1c.csv', index=False)"
   ]
  },
  {
   "cell_type": "code",
   "execution_count": 30,
   "metadata": {
    "deletable": false,
    "editable": false
   },
   "outputs": [
    {
     "data": {
      "text/html": [
       "<p><strong><pre style='display: inline;'>q1c</pre></strong> passed!</p>"
      ],
      "text/plain": [
       "q1c results: All test cases passed!"
      ]
     },
     "execution_count": 30,
     "metadata": {},
     "output_type": "execute_result"
    }
   ],
   "source": [
    "grader.check(\"q1c\")"
   ]
  },
  {
   "cell_type": "markdown",
   "metadata": {},
   "source": [
    "### Question 1d:\n",
    "For this question, we want to compute the count of players who were inducted into the Hall of Fame and played baseball at a college in California for each `schoolid` and `yearid` combination ordered by ascending `yearid`.\n",
    "\n",
    "#### Question 1di:\n",
    "Write two queries that accomplish this task -- one query using the view you created in the `Question 1c` and one query that does not use the view, common table expressions (CTEs), or any sub-queries."
   ]
  },
  {
   "cell_type": "code",
   "execution_count": 31,
   "metadata": {},
   "outputs": [
    {
     "name": "stdout",
     "output_type": "stream",
     "text": [
      " * postgresql://jovyan@127.0.0.1:5432/baseball\n",
      "   postgresql://jovyan@127.0.0.1:5432/postgres\n",
      "13 rows affected.\n",
      "Returning data to local variable with_view\n"
     ]
    }
   ],
   "source": [
    "%%sql with_view <<\n",
    "SELECT schoolid, yearid, COUNT(*)\n",
    "FROM inducted_hof_ca as hof\n",
    "GROUP BY schoolid, yearid\n",
    "ORDER BY yearid;"
   ]
  },
  {
   "cell_type": "code",
   "execution_count": 32,
   "metadata": {},
   "outputs": [
    {
     "name": "stdout",
     "output_type": "stream",
     "text": [
      " * postgresql://jovyan@127.0.0.1:5432/baseball\n",
      "   postgresql://jovyan@127.0.0.1:5432/postgres\n",
      "13 rows affected.\n",
      "Returning data to local variable without_view\n"
     ]
    }
   ],
   "source": [
    "%%sql without_view <<\n",
    "SELECT s.schoolid, h.yearid, COUNT(*)\n",
    "FROM collegeplaying c, halloffame h, schools s\n",
    "WHERE s.schoolstate = 'CA' AND h.inducted = 'Y' AND c.schoolid = s.schoolid AND c.playerid = h.playerid\n",
    "GROUP BY s.schoolid, h.yearid\n",
    "ORDER BY yearid;"
   ]
  },
  {
   "cell_type": "code",
   "execution_count": 33,
   "metadata": {},
   "outputs": [],
   "source": [
    "# Do not delete/edit this cell\n",
    "with_view.DataFrame().sort_values(['schoolid', 'yearid']).to_csv('results/result_1di_view.csv', index=False)\n",
    "without_view.DataFrame().sort_values(['schoolid', 'yearid']).to_csv('results/result_1di_no_view.csv', index=False)"
   ]
  },
  {
   "cell_type": "code",
   "execution_count": 34,
   "metadata": {
    "deletable": false,
    "editable": false
   },
   "outputs": [
    {
     "data": {
      "text/html": [
       "<p><strong><pre style='display: inline;'>q1di</pre></strong> passed!</p>"
      ],
      "text/plain": [
       "q1di results: All test cases passed!"
      ]
     },
     "execution_count": 34,
     "metadata": {},
     "output_type": "execute_result"
    }
   ],
   "source": [
    "grader.check(\"q1di\")"
   ]
  },
  {
   "cell_type": "markdown",
   "metadata": {},
   "source": [
    "#### Question 1dii:\n",
    "Fill in your queries from `Question 1di` and inspect the query plans for the two queries. Record the execution time and cost for each query."
   ]
  },
  {
   "cell_type": "code",
   "execution_count": 35,
   "metadata": {},
   "outputs": [
    {
     "name": "stdout",
     "output_type": "stream",
     "text": [
      "                                                                             QUERY PLAN                                                                              \r\n",
      "---------------------------------------------------------------------------------------------------------------------------------------------------------------------\r\n",
      " GroupAggregate  (cost=520.03..520.69 rows=33 width=20) (actual time=10.237..10.255 rows=13 loops=1)\r\n",
      "   Group Key: hof.yearid, hof.schoolid\r\n",
      "   ->  Sort  (cost=520.03..520.11 rows=33 width=12) (actual time=10.229..10.234 rows=23 loops=1)\r\n",
      "         Sort Key: hof.yearid, hof.schoolid\r\n",
      "         Sort Method: quicksort  Memory: 26kB\r\n",
      "         ->  Subquery Scan on hof  (cost=518.79..519.20 rows=33 width=12) (actual time=10.158..10.169 rows=23 loops=1)\r\n",
      "               ->  Sort  (cost=518.79..518.87 rows=33 width=257) (actual time=10.156..10.162 rows=23 loops=1)\r\n",
      "                     Sort Key: halloffame.yearid, c.playerid\r\n",
      "                     Sort Method: quicksort  Memory: 26kB\r\n",
      "                     ->  Nested Loop  (cost=386.71..517.95 rows=33 width=257) (actual time=9.244..10.122 rows=23 loops=1)\r\n",
      "                           Join Filter: ((halloffame.playerid)::text = (p.playerid)::text)\r\n",
      "                           ->  Hash Join  (cost=386.42..485.79 rows=96 width=30) (actual time=9.199..9.899 rows=23 loops=1)\r\n",
      "                                 Hash Cond: ((halloffame.playerid)::text = (c.playerid)::text)\r\n",
      "                                 ->  Seq Scan on halloffame  (cost=0.00..96.39 rows=323 width=13) (actual time=0.037..1.173 rows=323 loops=1)\r\n",
      "                                       Filter: ((inducted)::text = 'Y'::text)\r\n",
      "                                       Rows Removed by Filter: 3868\r\n",
      "                                 ->  Hash  (cost=361.99..361.99 rows=1955 width=17) (actual time=8.611..8.613 rows=2948 loops=1)\r\n",
      "                                       Buckets: 4096 (originally 2048)  Batches: 1 (originally 1)  Memory Usage: 178kB\r\n",
      "                                       ->  Hash Join  (cost=29.79..361.99 rows=1955 width=17) (actual time=0.438..7.350 rows=2948 loops=1)\r\n",
      "                                             Hash Cond: ((c.schoolid)::text = (schools.schoolid)::text)\r\n",
      "                                             ->  Seq Scan on collegeplaying c  (cost=0.00..286.50 rows=17350 width=17) (actual time=0.024..2.228 rows=17350 loops=1)\r\n",
      "                                             ->  Hash  (cost=28.09..28.09 rows=136 width=8) (actual time=0.382..0.382 rows=136 loops=1)\r\n",
      "                                                   Buckets: 1024  Batches: 1  Memory Usage: 14kB\r\n",
      "                                                   ->  Seq Scan on schools  (cost=0.00..28.09 rows=136 width=8) (actual time=0.021..0.333 rows=136 loops=1)\r\n",
      "                                                         Filter: ((schoolstate)::text = 'CA'::text)\r\n",
      "                                                         Rows Removed by Filter: 1071\r\n",
      "                           ->  Index Only Scan using master_pkey on people p  (cost=0.29..0.32 rows=1 width=9) (actual time=0.008..0.008 rows=1 loops=23)\r\n",
      "                                 Index Cond: (playerid = (c.playerid)::text)\r\n",
      "                                 Heap Fetches: 0\r\n",
      " Planning Time: 3.996 ms\r\n",
      " Execution Time: 10.496 ms\r\n",
      "(31 rows)\r\n",
      "\r\n"
     ]
    }
   ],
   "source": [
    "with_view_query_str = \"SELECT schoolid, yearid, COUNT(*) FROM inducted_hof_ca as hof GROUP BY schoolid, yearid ORDER BY yearid;\"\n",
    "!psql -h localhost -d baseball -c \"explain analyze $with_view_query_str\""
   ]
  },
  {
   "cell_type": "code",
   "execution_count": 37,
   "metadata": {},
   "outputs": [
    {
     "name": "stdout",
     "output_type": "stream",
     "text": [
      "                                                                    QUERY PLAN                                                                     \r\n",
      "---------------------------------------------------------------------------------------------------------------------------------------------------\r\n",
      " GroupAggregate  (cost=488.95..490.87 rows=96 width=20) (actual time=6.213..6.226 rows=13 loops=1)\r\n",
      "   Group Key: h.yearid, s.schoolid\r\n",
      "   ->  Sort  (cost=488.95..489.19 rows=96 width=12) (actual time=6.204..6.209 rows=23 loops=1)\r\n",
      "         Sort Key: h.yearid, s.schoolid\r\n",
      "         Sort Method: quicksort  Memory: 26kB\r\n",
      "         ->  Hash Join  (cost=386.42..485.79 rows=96 width=12) (actual time=5.731..6.160 rows=23 loops=1)\r\n",
      "               Hash Cond: ((h.playerid)::text = (c.playerid)::text)\r\n",
      "               ->  Seq Scan on halloffame h  (cost=0.00..96.39 rows=323 width=13) (actual time=0.028..0.667 rows=323 loops=1)\r\n",
      "                     Filter: ((inducted)::text = 'Y'::text)\r\n",
      "                     Rows Removed by Filter: 3868\r\n",
      "               ->  Hash  (cost=361.99..361.99 rows=1955 width=17) (actual time=5.421..5.423 rows=2948 loops=1)\r\n",
      "                     Buckets: 4096 (originally 2048)  Batches: 1 (originally 1)  Memory Usage: 178kB\r\n",
      "                     ->  Hash Join  (cost=29.79..361.99 rows=1955 width=17) (actual time=0.253..4.523 rows=2948 loops=1)\r\n",
      "                           Hash Cond: ((c.schoolid)::text = (s.schoolid)::text)\r\n",
      "                           ->  Seq Scan on collegeplaying c  (cost=0.00..286.50 rows=17350 width=17) (actual time=0.019..1.335 rows=17350 loops=1)\r\n",
      "                           ->  Hash  (cost=28.09..28.09 rows=136 width=8) (actual time=0.211..0.212 rows=136 loops=1)\r\n",
      "                                 Buckets: 1024  Batches: 1  Memory Usage: 14kB\r\n",
      "                                 ->  Seq Scan on schools s  (cost=0.00..28.09 rows=136 width=8) (actual time=0.015..0.181 rows=136 loops=1)\r\n",
      "                                       Filter: ((schoolstate)::text = 'CA'::text)\r\n",
      "                                       Rows Removed by Filter: 1071\r\n",
      " Planning Time: 1.613 ms\r\n",
      " Execution Time: 6.364 ms\r\n",
      "(22 rows)\r\n",
      "\r\n"
     ]
    }
   ],
   "source": [
    "without_view_query_str = \"SELECT s.schoolid, h.yearid, COUNT(*) FROM collegeplaying c, halloffame h, schools s WHERE s.schoolstate = 'CA' AND h.inducted = 'Y' AND c.schoolid = s.schoolid AND c.playerid = h.playerid GROUP BY s.schoolid, h.yearid ORDER BY yearid;\"\n",
    "!psql -h localhost -d baseball -c\"explain analyze $without_view_query_str\""
   ]
  },
  {
   "cell_type": "code",
   "execution_count": 39,
   "metadata": {},
   "outputs": [],
   "source": [
    "with_view_cost = 520.69\n",
    "with_view_timing = 10.496\n",
    "without_view_cost = 490.87\n",
    "without_view_timing = 6.364"
   ]
  },
  {
   "cell_type": "code",
   "execution_count": 40,
   "metadata": {
    "deletable": false,
    "editable": false
   },
   "outputs": [
    {
     "data": {
      "text/html": [
       "<p><strong><pre style='display: inline;'>q1dii</pre></strong> passed!</p>"
      ],
      "text/plain": [
       "q1dii results: All test cases passed!"
      ]
     },
     "execution_count": 40,
     "metadata": {},
     "output_type": "execute_result"
    }
   ],
   "source": [
    "grader.check(\"q1dii\")"
   ]
  },
  {
   "cell_type": "markdown",
   "metadata": {},
   "source": [
    "### Question 1e:\n",
    "#### Question 1ei:\n",
    "Now, let's try creating a materialized view named `inducted_hof_ca_mat` instead of the regular view from `Question 1c`."
   ]
  },
  {
   "cell_type": "code",
   "execution_count": 41,
   "metadata": {},
   "outputs": [
    {
     "name": "stdout",
     "output_type": "stream",
     "text": [
      " * postgresql://jovyan@127.0.0.1:5432/baseball\n",
      "   postgresql://jovyan@127.0.0.1:5432/postgres\n",
      "Done.\n",
      "23 rows affected.\n",
      "23 rows affected.\n",
      "Returning data to local variable inducted_hof_ca_materialized\n"
     ]
    }
   ],
   "source": [
    "%%sql inducted_hof_ca_materialized <<\n",
    "DROP MATERIALIZED VIEW IF EXISTS inducted_hof_ca_mat;\n",
    "CREATE MATERIALIZED VIEW inducted_hof_ca_mat AS\n",
    "SELECT namefirst, namelast, c.playerid, c.schoolid, hof.yearid\n",
    "FROM collegeplaying AS c, (SELECT namefirst, namelast, p.playerid, yearid\n",
    "    FROM people AS p, (SELECT * FROM halloffame WHERE inducted = 'Y') AS hof \n",
    "    WHERE p.playerid = hof.playerid) AS hof, (SELECT * FROM schools WHERE schoolstate = 'CA') AS sch\n",
    "                         \n",
    "WHERE c.playerid = hof.playerid AND sch.schoolid = c.schoolid\n",
    "ORDER BY hof.yearid, c.playerid;\n",
    "\n",
    "SELECT * FROM inducted_hof_ca_mat;"
   ]
  },
  {
   "cell_type": "code",
   "execution_count": 42,
   "metadata": {},
   "outputs": [],
   "source": [
    "# Do not delete/edit this cell\n",
    "inducted_hof_ca_materialized.DataFrame().sort_values(['playerid', 'schoolid', 'yearid']).to_csv('results/result_1ei.csv', index=False)"
   ]
  },
  {
   "cell_type": "code",
   "execution_count": 43,
   "metadata": {
    "deletable": false,
    "editable": false
   },
   "outputs": [
    {
     "data": {
      "text/html": [
       "<p><strong><pre style='display: inline;'>q1ei</pre></strong> passed!</p>"
      ],
      "text/plain": [
       "q1ei results: All test cases passed!"
      ]
     },
     "execution_count": 43,
     "metadata": {},
     "output_type": "execute_result"
    }
   ],
   "source": [
    "grader.check(\"q1ei\")"
   ]
  },
  {
   "cell_type": "markdown",
   "metadata": {},
   "source": [
    "#### Question 1eii:\n",
    "\n",
    "Now, rewrite the query from `Question 1d` to use the materialized view `inducted_hof_ca_mat`."
   ]
  },
  {
   "cell_type": "code",
   "execution_count": 44,
   "metadata": {},
   "outputs": [
    {
     "name": "stdout",
     "output_type": "stream",
     "text": [
      " * postgresql://jovyan@127.0.0.1:5432/baseball\n",
      "   postgresql://jovyan@127.0.0.1:5432/postgres\n",
      "13 rows affected.\n",
      "Returning data to local variable with_materialized_view\n"
     ]
    }
   ],
   "source": [
    "%%sql with_materialized_view <<\n",
    "SELECT schoolid, yearid, COUNT(*)\n",
    "FROM inducted_hof_ca_mat as hof\n",
    "GROUP BY schoolid, yearid\n",
    "ORDER BY yearid;"
   ]
  },
  {
   "cell_type": "code",
   "execution_count": 45,
   "metadata": {},
   "outputs": [],
   "source": [
    "# Do not delete/edit this cell\n",
    "with_materialized_view.DataFrame().sort_values(['schoolid', 'yearid']).to_csv('results/result_1eii.csv', index=False)"
   ]
  },
  {
   "cell_type": "code",
   "execution_count": 46,
   "metadata": {
    "deletable": false,
    "editable": false
   },
   "outputs": [
    {
     "data": {
      "text/html": [
       "<p><strong><pre style='display: inline;'>q1eii</pre></strong> passed!</p>"
      ],
      "text/plain": [
       "q1eii results: All test cases passed!"
      ]
     },
     "execution_count": 46,
     "metadata": {},
     "output_type": "execute_result"
    }
   ],
   "source": [
    "grader.check(\"q1eii\")"
   ]
  },
  {
   "cell_type": "markdown",
   "metadata": {},
   "source": [
    "#### Question 1eiii:\n",
    "Inspect the query plan and record the execution time and cost of the query that uses the materialized view."
   ]
  },
  {
   "cell_type": "code",
   "execution_count": 47,
   "metadata": {},
   "outputs": [
    {
     "name": "stdout",
     "output_type": "stream",
     "text": [
      "                                                            QUERY PLAN                                                            \r\n",
      "----------------------------------------------------------------------------------------------------------------------------------\r\n",
      " Sort  (cost=23.67..24.17 rows=200 width=60) (actual time=0.073..0.075 rows=13 loops=1)\r\n",
      "   Sort Key: yearid\r\n",
      "   Sort Method: quicksort  Memory: 25kB\r\n",
      "   ->  HashAggregate  (cost=14.03..16.02 rows=200 width=60) (actual time=0.022..0.026 rows=13 loops=1)\r\n",
      "         Group Key: yearid, schoolid\r\n",
      "         Batches: 1  Memory Usage: 40kB\r\n",
      "         ->  Seq Scan on inducted_hof_ca_mat hof  (cost=0.00..12.30 rows=230 width=52) (actual time=0.004..0.006 rows=23 loops=1)\r\n",
      " Planning Time: 0.322 ms\r\n",
      " Execution Time: 0.180 ms\r\n",
      "(9 rows)\r\n",
      "\r\n"
     ]
    }
   ],
   "source": [
    "with_materialized_view_query_str = \"SELECT schoolid, yearid, COUNT(*) FROM inducted_hof_ca_mat as hof GROUP BY schoolid, yearid ORDER BY yearid;\"\n",
    "!psql -h localhost -d baseball -c \"explain analyze $with_materialized_view_query_str\""
   ]
  },
  {
   "cell_type": "code",
   "execution_count": 48,
   "metadata": {},
   "outputs": [],
   "source": [
    "with_materialized_view_cost = 24.17\n",
    "with_materialized_view_timing = 0.210"
   ]
  },
  {
   "cell_type": "code",
   "execution_count": 49,
   "metadata": {
    "deletable": false,
    "editable": false
   },
   "outputs": [
    {
     "data": {
      "text/html": [
       "<p><strong><pre style='display: inline;'>q1eiii</pre></strong> passed!</p>"
      ],
      "text/plain": [
       "q1eiii results: All test cases passed!"
      ]
     },
     "execution_count": 49,
     "metadata": {},
     "output_type": "execute_result"
    }
   ],
   "source": [
    "grader.check(\"q1eiii\")"
   ]
  },
  {
   "cell_type": "markdown",
   "metadata": {
    "deletable": false,
    "editable": false
   },
   "source": [
    "#### Question 1eiv:\n",
    "Given your findings from inspecting the query plans, as well as your understanding of views and materialized views from lectures, answer the following question. Assign the variable `q1e_part4` to a list of all statements which are true.\n",
    "\n",
    "1. Consider the following statements:\n",
    "    1. Views will reduce the execution time and the cost of a query.\n",
    "    1. Views will reduce the execution time of a query, but not the cost.\n",
    "    1. Views will reduce the cost of a query, but not the execution time.\n",
    "    1. Materialized views reduce the execution time and the cost of a query.\n",
    "    1. Materialized views reduce the execution time, but not cost of a query.\n",
    "    1. Materialized views reduce the cost of a query, but not the execution time.\n",
    "    1. Materialized views will result in the same query plan as a query using views.\n",
    "    1. Materialized views and views take the same time to create.\n",
    "    1. Materialized views take less time to create than a view.\n",
    "    1. Materialized views take more time to create than a view.\n",
    "    \n",
    "*Note:* Your answer should look like `q1e_part4 = ['A', 'B']`\n",
    "\n",
    "<!--\n",
    "BEGIN QUESTION\n",
    "name: q1eiv\n",
    "points: 2\n",
    "-->"
   ]
  },
  {
   "cell_type": "code",
   "execution_count": 50,
   "metadata": {},
   "outputs": [],
   "source": [
    "q1e_part4 = ['D', 'J']"
   ]
  },
  {
   "cell_type": "code",
   "execution_count": 51,
   "metadata": {
    "deletable": false,
    "editable": false
   },
   "outputs": [
    {
     "data": {
      "text/html": [
       "<p><strong><pre style='display: inline;'>q1eiv</pre></strong> passed!</p>"
      ],
      "text/plain": [
       "q1eiv results: All test cases passed!"
      ]
     },
     "execution_count": 51,
     "metadata": {},
     "output_type": "execute_result"
    }
   ],
   "source": [
    "grader.check(\"q1eiv\")"
   ]
  },
  {
   "cell_type": "markdown",
   "metadata": {
    "deletable": false,
    "editable": false
   },
   "source": [
    "<!-- BEGIN QUESTION -->\n",
    "\n",
    "#### Question 1ev:\n",
    "\n",
    "Explain your answer to the previous part based on your knowledge from lectures, and details from the query plans (your explanation should include why you didn't choose certain options).\n",
    "\n",
    "<!--\n",
    "BEGIN QUESTION\n",
    "name: q1ev\n",
    "manual: true\n",
    "points: 2\n",
    "-->"
   ]
  },
  {
   "cell_type": "markdown",
   "metadata": {},
   "source": [
    "Views are different from Materialized Views in that they are calculated on demand, making their use in subsequent queries longer if not the same, they do not reduce execution time or cost because the views are calculated on demand every time the view is called. However, materialized views will reduce the cost and execution of a query because materialized views are only calculated once and are pretty much pre computed when calling these views in subsequent queries which reduces the cost and execution of these. However, since Materialized Views actually stores the data, these take more time to create compared to typical views."
   ]
  },
  {
   "cell_type": "markdown",
   "metadata": {},
   "source": [
    "<!-- END QUESTION -->\n",
    "\n",
    "\n",
    "\n",
    "## Question 2: Predicate Pushdown\n",
    "In this question, we will explore the impact of predicates on a query's execution, particularly inspecting when the optimizer applies predicates.\n",
    "\n",
    "### Question 2a:\n",
    "Recall the `inducted_hof_ca` created in `Question 1c`. Inspect the query plan for a query that that gets all rows from the view, and record the execution time and cost."
   ]
  },
  {
   "cell_type": "code",
   "execution_count": 52,
   "metadata": {},
   "outputs": [
    {
     "name": "stdout",
     "output_type": "stream",
     "text": [
      "                                                                    QUERY PLAN                                                                     \r\n",
      "---------------------------------------------------------------------------------------------------------------------------------------------------\r\n",
      " Sort  (cost=528.21..528.30 rows=33 width=33) (actual time=6.253..6.258 rows=23 loops=1)\r\n",
      "   Sort Key: halloffame.yearid, c.playerid\r\n",
      "   Sort Method: quicksort  Memory: 26kB\r\n",
      "   ->  Nested Loop  (cost=386.71..527.38 rows=33 width=33) (actual time=5.556..6.197 rows=23 loops=1)\r\n",
      "         Join Filter: ((halloffame.playerid)::text = (p.playerid)::text)\r\n",
      "         ->  Hash Join  (cost=386.42..485.79 rows=96 width=30) (actual time=5.500..5.918 rows=23 loops=1)\r\n",
      "               Hash Cond: ((halloffame.playerid)::text = (c.playerid)::text)\r\n",
      "               ->  Seq Scan on halloffame  (cost=0.00..96.39 rows=323 width=13) (actual time=0.033..0.749 rows=323 loops=1)\r\n",
      "                     Filter: ((inducted)::text = 'Y'::text)\r\n",
      "                     Rows Removed by Filter: 3868\r\n",
      "               ->  Hash  (cost=361.99..361.99 rows=1955 width=17) (actual time=5.091..5.093 rows=2948 loops=1)\r\n",
      "                     Buckets: 4096 (originally 2048)  Batches: 1 (originally 1)  Memory Usage: 178kB\r\n",
      "                     ->  Hash Join  (cost=29.79..361.99 rows=1955 width=17) (actual time=0.239..4.287 rows=2948 loops=1)\r\n",
      "                           Hash Cond: ((c.schoolid)::text = (schools.schoolid)::text)\r\n",
      "                           ->  Seq Scan on collegeplaying c  (cost=0.00..286.50 rows=17350 width=17) (actual time=0.022..1.338 rows=17350 loops=1)\r\n",
      "                           ->  Hash  (cost=28.09..28.09 rows=136 width=8) (actual time=0.194..0.195 rows=136 loops=1)\r\n",
      "                                 Buckets: 1024  Batches: 1  Memory Usage: 14kB\r\n",
      "                                 ->  Seq Scan on schools  (cost=0.00..28.09 rows=136 width=8) (actual time=0.013..0.162 rows=136 loops=1)\r\n",
      "                                       Filter: ((schoolstate)::text = 'CA'::text)\r\n",
      "                                       Rows Removed by Filter: 1071\r\n",
      "         ->  Index Scan using master_pkey on people p  (cost=0.29..0.42 rows=1 width=21) (actual time=0.011..0.011 rows=1 loops=23)\r\n",
      "               Index Cond: ((playerid)::text = (c.playerid)::text)\r\n",
      " Planning Time: 2.744 ms\r\n",
      " Execution Time: 6.432 ms\r\n",
      "(24 rows)\r\n",
      "\r\n"
     ]
    }
   ],
   "source": [
    "query_view_str = \"SELECT * FROM inducted_hof_ca\"\n",
    "!psql -h localhost -d baseball -c \"explain analyze $query_view_str\""
   ]
  },
  {
   "cell_type": "code",
   "execution_count": 54,
   "metadata": {},
   "outputs": [],
   "source": [
    "query_view_cost = 528.30\n",
    "query_view_timing = 6.432"
   ]
  },
  {
   "cell_type": "code",
   "execution_count": 55,
   "metadata": {
    "deletable": false,
    "editable": false
   },
   "outputs": [
    {
     "data": {
      "text/html": [
       "<p><strong><pre style='display: inline;'>q2a</pre></strong> passed!</p>"
      ],
      "text/plain": [
       "q2a results: All test cases passed!"
      ]
     },
     "execution_count": 55,
     "metadata": {},
     "output_type": "execute_result"
    }
   ],
   "source": [
    "grader.check(\"q2a\")"
   ]
  },
  {
   "cell_type": "markdown",
   "metadata": {},
   "source": [
    "### Question 2b:\n",
    "Now, add a filter to only return rows from `inducted_hof_ca` where the year is later than 2010. Inspect the query plan and record the execution time and cost."
   ]
  },
  {
   "cell_type": "code",
   "execution_count": 56,
   "metadata": {},
   "outputs": [
    {
     "name": "stdout",
     "output_type": "stream",
     "text": [
      " * postgresql://jovyan@127.0.0.1:5432/baseball\n",
      "   postgresql://jovyan@127.0.0.1:5432/postgres\n",
      "8 rows affected.\n",
      "Returning data to local variable result_2b\n"
     ]
    }
   ],
   "source": [
    "%%sql result_2b <<\n",
    "SELECT * \n",
    "FROM inducted_hof_ca\n",
    "WHERE yearid > 2010"
   ]
  },
  {
   "cell_type": "code",
   "execution_count": 57,
   "metadata": {
    "scrolled": false
   },
   "outputs": [
    {
     "name": "stdout",
     "output_type": "stream",
     "text": [
      "                                                                             QUERY PLAN                                                                              \r\n",
      "---------------------------------------------------------------------------------------------------------------------------------------------------------------------\r\n",
      " Sort  (cost=209.85..209.85 rows=2 width=33) (actual time=0.927..0.929 rows=8 loops=1)\r\n",
      "   Sort Key: halloffame.yearid, c.playerid\r\n",
      "   Sort Method: quicksort  Memory: 25kB\r\n",
      "   ->  Nested Loop  (cost=0.85..209.84 rows=2 width=33) (actual time=0.572..0.888 rows=8 loops=1)\r\n",
      "         Join Filter: ((halloffame.playerid)::text = (p.playerid)::text)\r\n",
      "         ->  Nested Loop  (cost=0.56..207.24 rows=6 width=30) (actual time=0.540..0.807 rows=8 loops=1)\r\n",
      "               ->  Nested Loop  (cost=0.29..190.63 rows=55 width=30) (actual time=0.526..0.708 rows=27 loops=1)\r\n",
      "                     ->  Seq Scan on halloffame  (cost=0.00..106.86 rows=21 width=13) (actual time=0.481..0.521 rows=31 loops=1)\r\n",
      "                           Filter: ((yearid > 2010) AND ((inducted)::text = 'Y'::text))\r\n",
      "                           Rows Removed by Filter: 4160\r\n",
      "                     ->  Index Only Scan using collegeplaying_pkey on collegeplaying c  (cost=0.29..3.96 rows=3 width=17) (actual time=0.005..0.005 rows=1 loops=31)\r\n",
      "                           Index Cond: (playerid = (halloffame.playerid)::text)\r\n",
      "                           Heap Fetches: 0\r\n",
      "               ->  Index Scan using schools_pkey on schools  (cost=0.28..0.30 rows=1 width=8) (actual time=0.003..0.003 rows=0 loops=27)\r\n",
      "                     Index Cond: ((schoolid)::text = (c.schoolid)::text)\r\n",
      "                     Filter: ((schoolstate)::text = 'CA'::text)\r\n",
      "                     Rows Removed by Filter: 1\r\n",
      "         ->  Index Scan using master_pkey on people p  (cost=0.29..0.42 rows=1 width=21) (actual time=0.009..0.009 rows=1 loops=8)\r\n",
      "               Index Cond: ((playerid)::text = (c.playerid)::text)\r\n",
      " Planning Time: 2.603 ms\r\n",
      " Execution Time: 1.066 ms\r\n",
      "(21 rows)\r\n",
      "\r\n"
     ]
    }
   ],
   "source": [
    "query_view_with_filter_str = \"SELECT * FROM inducted_hof_ca WHERE yearid > 2010;\"\n",
    "!psql -h localhost -d baseball -c \"explain analyze $query_view_with_filter_str\""
   ]
  },
  {
   "cell_type": "code",
   "execution_count": 59,
   "metadata": {},
   "outputs": [],
   "source": [
    "query_view_with_filter_cost = 209.85\n",
    "query_view_with_filter_timing = 1.066"
   ]
  },
  {
   "cell_type": "code",
   "execution_count": 60,
   "metadata": {
    "deletable": false,
    "editable": false
   },
   "outputs": [
    {
     "data": {
      "text/html": [
       "<p><strong><pre style='display: inline;'>q2b</pre></strong> passed!</p>"
      ],
      "text/plain": [
       "q2b results: All test cases passed!"
      ]
     },
     "execution_count": 60,
     "metadata": {},
     "output_type": "execute_result"
    }
   ],
   "source": [
    "grader.check(\"q2b\")"
   ]
  },
  {
   "cell_type": "markdown",
   "metadata": {
    "deletable": false,
    "editable": false
   },
   "source": [
    "### Question 2c:\n",
    "Given your findings from inspecting the query plans of queries from `Question 2a-b`, answer the following question. Assign the variable `q2c` to a list of all statements which are true.\n",
    "\n",
    "1. Consider the following statements:\n",
    "    1. Adding a filter lowered the cost.\n",
    "    1. Adding a filter increased the cost.\n",
    "    1. Adding a filter did not change the cost.\n",
    "    1. Adding a filter increased the execution time.\n",
    "    1. Adding a filter decreased the execution time.\n",
    "    1. Adding a filter did not change the execution time.\n",
    "    1. No statement is true.\n",
    "    \n",
    "    \n",
    "**Note:** Your answer should look like `q2c = ['A', 'B']`\n",
    "\n",
    "<!--\n",
    "BEGIN QUESTION\n",
    "name: q2c\n",
    "points: 2\n",
    "-->"
   ]
  },
  {
   "cell_type": "code",
   "execution_count": 61,
   "metadata": {},
   "outputs": [],
   "source": [
    "q2c = ['A', 'E']"
   ]
  },
  {
   "cell_type": "code",
   "execution_count": 62,
   "metadata": {
    "deletable": false,
    "editable": false
   },
   "outputs": [
    {
     "data": {
      "text/html": [
       "<p><strong><pre style='display: inline;'>q2c</pre></strong> passed!</p>"
      ],
      "text/plain": [
       "q2c results: All test cases passed!"
      ]
     },
     "execution_count": 62,
     "metadata": {},
     "output_type": "execute_result"
    }
   ],
   "source": [
    "grader.check(\"q2c\")"
   ]
  },
  {
   "cell_type": "markdown",
   "metadata": {
    "deletable": false,
    "editable": false
   },
   "source": [
    "<!-- BEGIN QUESTION -->\n",
    "\n",
    "#### Question 2d:\n",
    "\n",
    "Explain your answer based on your knowledge from lectures, and details from the query plans (your explanation should include why you didn't choose certain options).\n",
    "\n",
    "<!--\n",
    "BEGIN QUESTION\n",
    "name: q2d\n",
    "manual: true\n",
    "points: 2\n",
    "-->"
   ]
  },
  {
   "cell_type": "markdown",
   "metadata": {},
   "source": [
    "Filtering data means that there is less data for the system to go through. Since there was only 8 rows that fit the criteria of > 2010, there was fewer rows to be dealt with when calling the view since the filter got applied when the view was created on demand because of predicate pushdown. Since filtering reduced the data so much, we also didn't need to do a hash join and nested loop join was both faster and less costly. "
   ]
  },
  {
   "cell_type": "markdown",
   "metadata": {},
   "source": [
    "<!-- END QUESTION -->\n",
    "\n",
    "\n",
    "\n",
    "## Question 3: Join Approaches\n",
    "\n",
    "In this question, we'll explore different join approaches (Nested Loop Join, Merge Join, Hash Join) and discuss how the query optimizer picks the best approach.\n",
    "\n",
    "### Question 3a:\n",
    "Perform an inner join on the `people` and `collegeplaying` tables on the `playerid` column. Project all columns."
   ]
  },
  {
   "cell_type": "code",
   "execution_count": 63,
   "metadata": {},
   "outputs": [
    {
     "name": "stdout",
     "output_type": "stream",
     "text": [
      " * postgresql://jovyan@127.0.0.1:5432/baseball\n",
      "   postgresql://jovyan@127.0.0.1:5432/postgres\n",
      "17350 rows affected.\n",
      "Returning data to local variable q3a_join\n"
     ]
    }
   ],
   "source": [
    "%%sql q3a_join <<\n",
    "SELECT * \n",
    "FROM people p\n",
    "JOIN collegeplaying c ON c.playerid = p.playerid;"
   ]
  },
  {
   "cell_type": "markdown",
   "metadata": {},
   "source": [
    "Inspect the query plan for the query you wrote above."
   ]
  },
  {
   "cell_type": "code",
   "execution_count": 64,
   "metadata": {},
   "outputs": [
    {
     "name": "stdout",
     "output_type": "stream",
     "text": [
      "                                                        QUERY PLAN                                                         \r\n",
      "---------------------------------------------------------------------------------------------------------------------------\r\n",
      " Hash Join  (cost=861.83..1193.88 rows=17350 width=167) (actual time=8.496..18.430 rows=17350 loops=1)\r\n",
      "   Hash Cond: ((c.playerid)::text = (p.playerid)::text)\r\n",
      "   ->  Seq Scan on collegeplaying c  (cost=0.00..286.50 rows=17350 width=21) (actual time=0.021..1.373 rows=17350 loops=1)\r\n",
      "   ->  Hash  (cost=619.70..619.70 rows=19370 width=146) (actual time=8.270..8.272 rows=19370 loops=1)\r\n",
      "         Buckets: 32768  Batches: 1  Memory Usage: 3633kB\r\n",
      "         ->  Seq Scan on people p  (cost=0.00..619.70 rows=19370 width=146) (actual time=0.016..1.687 rows=19370 loops=1)\r\n",
      " Planning Time: 1.081 ms\r\n",
      " Execution Time: 19.189 ms\r\n",
      "(8 rows)\r\n",
      "\r\n"
     ]
    }
   ],
   "source": [
    "q3a_query_str = \"SELECT * FROM people p JOIN collegeplaying c ON c.playerid = p.playerid;\"\n",
    "!psql -h localhost -d baseball -c \"explain analyze $q3a_query_str\""
   ]
  },
  {
   "cell_type": "markdown",
   "metadata": {
    "deletable": false,
    "editable": false
   },
   "source": [
    "Given your findings from inspecting the query plan, answer the following question. Assign the variable `q3a` to a list of all the options which are true for the proposed statement.\n",
    "\n",
    "1. Which join approach did the query optimizer choose?\n",
    "    1. Nested Loop Join\n",
    "    1. Merge Join\n",
    "    1. Hash Join\n",
    "    1. None of the Above\n",
    "\n",
    "**Note:** Your answer should be formatted as follows: `q3a = ['A', 'B']`\n",
    "\n",
    "<!--\n",
    "BEGIN QUESTION\n",
    "name: q3a\n",
    "points: 1\n",
    "-->"
   ]
  },
  {
   "cell_type": "code",
   "execution_count": 65,
   "metadata": {},
   "outputs": [],
   "source": [
    "q3a = [\"C\"]"
   ]
  },
  {
   "cell_type": "code",
   "execution_count": 66,
   "metadata": {
    "deletable": false,
    "editable": false
   },
   "outputs": [
    {
     "data": {
      "text/html": [
       "<p><strong><pre style='display: inline;'>q3a</pre></strong> passed!</p>"
      ],
      "text/plain": [
       "q3a results: All test cases passed!"
      ]
     },
     "execution_count": 66,
     "metadata": {},
     "output_type": "execute_result"
    }
   ],
   "source": [
    "grader.check(\"q3a\")"
   ]
  },
  {
   "cell_type": "markdown",
   "metadata": {},
   "source": [
    "### Question 3b\n",
    "\n",
    "Similar to Question 3a, perform an inner join on the `people` and `collegeplaying` tables on the `playerid` column. Project all columns.\n",
    "\n",
    "In addition, **sort your output by `playerid`.**"
   ]
  },
  {
   "cell_type": "code",
   "execution_count": 67,
   "metadata": {},
   "outputs": [
    {
     "name": "stdout",
     "output_type": "stream",
     "text": [
      " * postgresql://jovyan@127.0.0.1:5432/baseball\n",
      "   postgresql://jovyan@127.0.0.1:5432/postgres\n",
      "17350 rows affected.\n",
      "Returning data to local variable q3b_join\n"
     ]
    }
   ],
   "source": [
    "%%sql q3b_join <<\n",
    "SELECT * \n",
    "FROM people p\n",
    "JOIN collegeplaying c ON c.playerid = p.playerid\n",
    "ORDER BY c.playerid;"
   ]
  },
  {
   "cell_type": "markdown",
   "metadata": {},
   "source": [
    "Inspect the query plan for the query you wrote above."
   ]
  },
  {
   "cell_type": "code",
   "execution_count": 68,
   "metadata": {},
   "outputs": [
    {
     "name": "stdout",
     "output_type": "stream",
     "text": [
      "                                                                         QUERY PLAN                                                                         \r\n",
      "------------------------------------------------------------------------------------------------------------------------------------------------------------\r\n",
      " Merge Join  (cost=0.57..1910.20 rows=17350 width=167) (actual time=0.040..17.553 rows=17350 loops=1)\r\n",
      "   Merge Cond: ((p.playerid)::text = (c.playerid)::text)\r\n",
      "   ->  Index Scan using master_pkey on people p  (cost=0.29..1024.36 rows=19370 width=146) (actual time=0.018..4.091 rows=19368 loops=1)\r\n",
      "   ->  Index Only Scan using collegeplaying_pkey on collegeplaying c  (cost=0.29..620.54 rows=17350 width=21) (actual time=0.017..2.242 rows=17350 loops=1)\r\n",
      "         Heap Fetches: 0\r\n",
      " Planning Time: 1.022 ms\r\n",
      " Execution Time: 18.265 ms\r\n",
      "(7 rows)\r\n",
      "\r\n"
     ]
    }
   ],
   "source": [
    "q3b_query_str = \"SELECT * FROM people p JOIN collegeplaying c ON c.playerid = p.playerid ORDER BY c.playerid;\"\n",
    "!psql -h localhost -d baseball -c \"explain analyze $q3b_query_str\""
   ]
  },
  {
   "cell_type": "markdown",
   "metadata": {
    "deletable": false,
    "editable": false
   },
   "source": [
    "Given your findings from inspecting the query plan, answer the following question. Assign the variable `q3b` to a list of all the options which are true for the proposed statement.\n",
    "\n",
    "1. Which join approach did the query optimizer choose?\n",
    "    1. Nested Loop Join\n",
    "    1. Merge Join\n",
    "    1. Hash Join\n",
    "    1. None of the Above\n",
    "\n",
    "**Note:** Your answer should be formatted as follows: `q3b = ['A', 'B']`\n",
    "\n",
    "<!--\n",
    "BEGIN QUESTION\n",
    "name: q3b\n",
    "points: 1\n",
    "-->"
   ]
  },
  {
   "cell_type": "code",
   "execution_count": 69,
   "metadata": {},
   "outputs": [],
   "source": [
    "q3b = [\"B\"]"
   ]
  },
  {
   "cell_type": "code",
   "execution_count": 70,
   "metadata": {
    "deletable": false,
    "editable": false
   },
   "outputs": [
    {
     "data": {
      "text/html": [
       "<p><strong><pre style='display: inline;'>q3b</pre></strong> passed!</p>"
      ],
      "text/plain": [
       "q3b results: All test cases passed!"
      ]
     },
     "execution_count": 70,
     "metadata": {},
     "output_type": "execute_result"
    }
   ],
   "source": [
    "grader.check(\"q3b\")"
   ]
  },
  {
   "cell_type": "markdown",
   "metadata": {},
   "source": [
    "### Question 3c\n",
    "Write a query to retrieve all possible player pair combinations. Project all columns, but **limit to 1000 rows** to ensure your query doesn't take an exorbitant amount of time to run.\n",
    "\n",
    "**Hint:** You can do this by performing an inner join of the `people` table on itself with an inequality condition."
   ]
  },
  {
   "cell_type": "code",
   "execution_count": 71,
   "metadata": {},
   "outputs": [
    {
     "name": "stdout",
     "output_type": "stream",
     "text": [
      " * postgresql://jovyan@127.0.0.1:5432/baseball\n",
      "   postgresql://jovyan@127.0.0.1:5432/postgres\n",
      "1000 rows affected.\n",
      "Returning data to local variable q3c_join\n"
     ]
    }
   ],
   "source": [
    "%%sql q3c_join <<\n",
    "SELECT * \n",
    "FROM people p\n",
    "JOIN people p2 ON p2.playerid != p.playerid\n",
    "LIMIT 1000;\n",
    "\n",
    "Inspect the query plan for the query you wrote above."
   ]
  },
  {
   "cell_type": "code",
   "execution_count": 72,
   "metadata": {},
   "outputs": [
    {
     "name": "stdout",
     "output_type": "stream",
     "text": [
      "                                                           QUERY PLAN                                                           \r\n",
      "--------------------------------------------------------------------------------------------------------------------------------\r\n",
      " Limit  (cost=0.00..15.00 rows=1000 width=292) (actual time=0.052..1.039 rows=1000 loops=1)\r\n",
      "   ->  Nested Loop  (cost=0.00..5629241.33 rows=375177530 width=292) (actual time=0.051..0.967 rows=1000 loops=1)\r\n",
      "         Join Filter: ((p2.playerid)::text <> (p.playerid)::text)\r\n",
      "         Rows Removed by Join Filter: 1\r\n",
      "         ->  Seq Scan on people p  (cost=0.00..619.70 rows=19370 width=146) (actual time=0.019..0.019 rows=1 loops=1)\r\n",
      "         ->  Materialize  (cost=0.00..716.55 rows=19370 width=146) (actual time=0.026..0.478 rows=1001 loops=1)\r\n",
      "               ->  Seq Scan on people p2  (cost=0.00..619.70 rows=19370 width=146) (actual time=0.001..0.090 rows=1001 loops=1)\r\n",
      " Planning Time: 1.012 ms\r\n",
      " Execution Time: 1.228 ms\r\n",
      "(9 rows)\r\n",
      "\r\n"
     ]
    }
   ],
   "source": [
    "q3c_query_str = \"SELECT * FROM people p JOIN people p2 ON p2.playerid != p.playerid LIMIT 1000;\"\n",
    "!psql -h localhost -d baseball -c \"explain analyze $q3c_query_str\""
   ]
  },
  {
   "cell_type": "markdown",
   "metadata": {
    "deletable": false,
    "editable": false
   },
   "source": [
    "Given your findings from inspecting the query plan, answer the following question. Assign the variable `q3c` to a list of all the options which are true for the proposed statement.\n",
    "\n",
    "1. Which join approach did the query optimizer choose?\n",
    "    1. Nested Loop Join\n",
    "    1. Merge Join\n",
    "    1. Hash Join\n",
    "    1. None of the Above\n",
    "\n",
    "**Note:** Your answer should be formatted as follows: `q3c = ['A', 'B']`\n",
    "\n",
    "<!--\n",
    "BEGIN QUESTION\n",
    "name: q3c\n",
    "points: 1\n",
    "-->"
   ]
  },
  {
   "cell_type": "code",
   "execution_count": 73,
   "metadata": {},
   "outputs": [],
   "source": [
    "q3c = ['A']"
   ]
  },
  {
   "cell_type": "code",
   "execution_count": 74,
   "metadata": {
    "deletable": false,
    "editable": false
   },
   "outputs": [
    {
     "data": {
      "text/html": [
       "<p><strong><pre style='display: inline;'>q3c</pre></strong> passed!</p>"
      ],
      "text/plain": [
       "q3c results: All test cases passed!"
      ]
     },
     "execution_count": 74,
     "metadata": {},
     "output_type": "execute_result"
    }
   ],
   "source": [
    "grader.check(\"q3c\")"
   ]
  },
  {
   "cell_type": "markdown",
   "metadata": {
    "deletable": false,
    "editable": false
   },
   "source": [
    "<!-- BEGIN QUESTION -->\n",
    "\n",
    "### Question 3d\n",
    "Please discuss your findings in the previous parts. In particular, we are interested in hearing why you think the query optimizer chooses the ultimate join approach in each of the above three scenarios. Feel free to discuss the pros and cons of each join approach as well.\n",
    "\n",
    "If you feel stuck, here are some things to consider: Does a non-equijoin constrain us to certain join approaches? What's an added benefit in regards to the output of merge join?\n",
    "\n",
    "<!--\n",
    "BEGIN QUESTION\n",
    "name: q3d\n",
    "manual: true\n",
    "points: 3\n",
    "-->"
   ]
  },
  {
   "cell_type": "markdown",
   "metadata": {},
   "source": [
    "In 3a, when performing an inner join, the query optimizer chose hash join because the joined tables are not sorted (making merge sort not an option) and given that there are a lot of rows to go through, the nested loop would be too CPU intensive.\n",
    "\n",
    "In 3b, when performing an inner join and then sorting, the query optimer used merge join because merge join returns data in sorted order which has been specified by the order by statement, but also requires all input to be sorted by the join columns. We have done this on each table by sorting on playerid. In this case merge sort would reduce the time it would take to join using another method and then sort through each row by playerid because it would only have to go through each table once.\n",
    "\n",
    "In 3d when performing a cross join to get every single combination, the optimizer chose a nested loop join since we start with one value of our outer table and iterate over every value of our inner table comparing values each time. In nested loop join, we compare every row in the first table with every row in the second table which is necessary for every single possible combinations of two players as we are essentially doing a cross product. We are also limiting the rows to 1000 which reduces the strain that this nested loop join would have on CPU making it a good option for this problem."
   ]
  },
  {
   "cell_type": "markdown",
   "metadata": {},
   "source": [
    "<!-- END QUESTION -->\n",
    "\n",
    "\n",
    "\n",
    "## Question 4: Indexes\n",
    "\n",
    "### Question 4a:\n",
    "Write a query that outputs the `playerid` and average `salary` for each player that only batted in 10 games (the number of games in which a player batted can be found in the `g_batting` column of the `appearances` table). Your query should join the `salaries` and `appearances` table on all the common columns `yearid`, `teamid`, and `playerid`, so feel free to use a natural join."
   ]
  },
  {
   "cell_type": "code",
   "execution_count": 75,
   "metadata": {},
   "outputs": [
    {
     "name": "stdout",
     "output_type": "stream",
     "text": [
      " * postgresql://jovyan@127.0.0.1:5432/baseball\n",
      "   postgresql://jovyan@127.0.0.1:5432/postgres\n",
      "134 rows affected.\n",
      "Returning data to local variable result_4a\n"
     ]
    }
   ],
   "source": [
    "%%sql result_4a <<\n",
    "SELECT app.playerid, SUM(salary)\n",
    "FROM (SELECT * FROM appearances WHERE g_batting = 10) AS app\n",
    "NATURAL JOIN salaries\n",
    "GROUP BY playerid;"
   ]
  },
  {
   "cell_type": "code",
   "execution_count": 76,
   "metadata": {},
   "outputs": [],
   "source": [
    "# Do not delete/edit this cell\n",
    "result_4a.DataFrame().sort_values('playerid').to_csv('results/result_4a.csv', index=False)"
   ]
  },
  {
   "cell_type": "code",
   "execution_count": 77,
   "metadata": {
    "deletable": false,
    "editable": false
   },
   "outputs": [
    {
     "data": {
      "text/html": [
       "<p><strong><pre style='display: inline;'>q4ai</pre></strong> passed!</p>"
      ],
      "text/plain": [
       "q4ai results: All test cases passed!"
      ]
     },
     "execution_count": 77,
     "metadata": {},
     "output_type": "execute_result"
    }
   ],
   "source": [
    "grader.check(\"q4ai\")"
   ]
  },
  {
   "cell_type": "markdown",
   "metadata": {},
   "source": [
    "Inspect the query plan and record the execution time and cost."
   ]
  },
  {
   "cell_type": "code",
   "execution_count": 98,
   "metadata": {},
   "outputs": [
    {
     "name": "stdout",
     "output_type": "stream",
     "text": [
      "                                                                                                                     QUERY PLAN                                                                                                                     \r\n",
      "----------------------------------------------------------------------------------------------------------------------------------------------------------------------------------------------------------------------------------------------------\r\n",
      " GroupAggregate  (cost=3635.14..3635.16 rows=1 width=17) (actual time=20.262..20.314 rows=134 loops=1)\r\n",
      "   Group Key: appearances.playerid\r\n",
      "   ->  Sort  (cost=3635.14..3635.15 rows=1 width=17) (actual time=20.257..20.264 rows=138 loops=1)\r\n",
      "         Sort Key: appearances.playerid\r\n",
      "         Sort Method: quicksort  Memory: 35kB\r\n",
      "         ->  Hash Join  (cost=2898.36..3635.13 rows=1 width=17) (actual time=12.631..20.116 rows=138 loops=1)\r\n",
      "               Hash Cond: ((salaries.yearid = appearances.yearid) AND ((salaries.teamid)::text = (appearances.teamid)::text) AND ((salaries.lgid)::text = (appearances.lgid)::text) AND ((salaries.playerid)::text = (appearances.playerid)::text))\r\n",
      "               ->  Seq Scan on salaries  (cost=0.00..459.28 rows=26428 width=28) (actual time=0.012..1.790 rows=26428 loops=1)\r\n",
      "               ->  Hash  (cost=2873.20..2873.20 rows=1258 width=20) (actual time=12.459..12.460 rows=1347 loops=1)\r\n",
      "                     Buckets: 2048  Batches: 1  Memory Usage: 89kB\r\n",
      "                     ->  Seq Scan on appearances  (cost=0.00..2873.20 rows=1258 width=20) (actual time=0.014..11.946 rows=1347 loops=1)\r\n",
      "                           Filter: (g_batting = 10)\r\n",
      "                           Rows Removed by Filter: 102909\r\n",
      " Planning Time: 1.352 ms\r\n",
      " Execution Time: 20.405 ms\r\n",
      "(15 rows)\r\n",
      "\r\n"
     ]
    }
   ],
   "source": [
    "result_4a_query_str = \"SELECT app.playerid, SUM(salary) FROM (SELECT * FROM appearances WHERE g_batting = 10) AS app NATURAL JOIN salaries GROUP BY playerid;\"\n",
    "!psql -h localhost -d baseball -c \"explain analyze $result_4a_query_str\""
   ]
  },
  {
   "cell_type": "code",
   "execution_count": 100,
   "metadata": {},
   "outputs": [],
   "source": [
    "result_4a_cost = 3635.16\n",
    "result_4a_timing = 20.405"
   ]
  },
  {
   "cell_type": "code",
   "execution_count": 101,
   "metadata": {
    "deletable": false,
    "editable": false
   },
   "outputs": [
    {
     "data": {
      "text/html": [
       "<p><strong><pre style='display: inline;'>q4aii</pre></strong> passed!</p>"
      ],
      "text/plain": [
       "q4aii results: All test cases passed!"
      ]
     },
     "execution_count": 101,
     "metadata": {},
     "output_type": "execute_result"
    }
   ],
   "source": [
    "grader.check(\"q4aii\")"
   ]
  },
  {
   "cell_type": "markdown",
   "metadata": {},
   "source": [
    "### Question 4b:\n",
    "Add an index with name `g_batting_idx` on the `g_batting` column of the `appearances` table."
   ]
  },
  {
   "cell_type": "code",
   "execution_count": 102,
   "metadata": {},
   "outputs": [
    {
     "name": "stdout",
     "output_type": "stream",
     "text": [
      " * postgresql://jovyan@127.0.0.1:5432/baseball\n",
      "   postgresql://jovyan@127.0.0.1:5432/postgres\n",
      "Done.\n",
      "Returning data to local variable result_4b\n"
     ]
    }
   ],
   "source": [
    "%%sql result_4b <<\n",
    "CREATE INDEX g_batting_idx\n",
    "ON appearances (g_batting);"
   ]
  },
  {
   "cell_type": "markdown",
   "metadata": {},
   "source": [
    "Now, re-inspect the query plan of the query from `Question 4a` and record its execution time and cost."
   ]
  },
  {
   "cell_type": "code",
   "execution_count": 103,
   "metadata": {
    "scrolled": false
   },
   "outputs": [
    {
     "name": "stdout",
     "output_type": "stream",
     "text": [
      "                                                                                                                     QUERY PLAN                                                                                                                     \r\n",
      "----------------------------------------------------------------------------------------------------------------------------------------------------------------------------------------------------------------------------------------------------\r\n",
      " GroupAggregate  (cost=2350.86..2350.88 rows=1 width=17) (actual time=10.360..10.409 rows=134 loops=1)\r\n",
      "   Group Key: appearances.playerid\r\n",
      "   ->  Sort  (cost=2350.86..2350.87 rows=1 width=17) (actual time=10.354..10.362 rows=138 loops=1)\r\n",
      "         Sort Key: appearances.playerid\r\n",
      "         Sort Method: quicksort  Memory: 35kB\r\n",
      "         ->  Hash Join  (cost=1614.08..2350.85 rows=1 width=17) (actual time=3.016..10.213 rows=138 loops=1)\r\n",
      "               Hash Cond: ((salaries.yearid = appearances.yearid) AND ((salaries.teamid)::text = (appearances.teamid)::text) AND ((salaries.lgid)::text = (appearances.lgid)::text) AND ((salaries.playerid)::text = (appearances.playerid)::text))\r\n",
      "               ->  Seq Scan on salaries  (cost=0.00..459.28 rows=26428 width=28) (actual time=0.011..1.716 rows=26428 loops=1)\r\n",
      "               ->  Hash  (cost=1588.92..1588.92 rows=1258 width=20) (actual time=2.848..2.849 rows=1347 loops=1)\r\n",
      "                     Buckets: 2048  Batches: 1  Memory Usage: 89kB\r\n",
      "                     ->  Bitmap Heap Scan on appearances  (cost=18.04..1588.92 rows=1258 width=20) (actual time=0.300..2.433 rows=1347 loops=1)\r\n",
      "                           Recheck Cond: (g_batting = 10)\r\n",
      "                           Heap Blocks: exact=899\r\n",
      "                           ->  Bitmap Index Scan on g_batting_idx  (cost=0.00..17.73 rows=1258 width=0) (actual time=0.168..0.168 rows=1347 loops=1)\r\n",
      "                                 Index Cond: (g_batting = 10)\r\n",
      " Planning Time: 1.652 ms\r\n",
      " Execution Time: 10.502 ms\r\n",
      "(17 rows)\r\n",
      "\r\n"
     ]
    }
   ],
   "source": [
    "!psql -h localhost -d baseball -c \"explain analyze $result_4a_query_str\""
   ]
  },
  {
   "cell_type": "code",
   "execution_count": 105,
   "metadata": {},
   "outputs": [],
   "source": [
    "result_4b_cost = 2350.88\n",
    "result_4b_timing = 10.502"
   ]
  },
  {
   "cell_type": "code",
   "execution_count": 106,
   "metadata": {
    "deletable": false,
    "editable": false
   },
   "outputs": [
    {
     "data": {
      "text/html": [
       "<p><strong><pre style='display: inline;'>q4b</pre></strong> passed!</p>"
      ],
      "text/plain": [
       "q4b results: All test cases passed!"
      ]
     },
     "execution_count": 106,
     "metadata": {},
     "output_type": "execute_result"
    }
   ],
   "source": [
    "grader.check(\"q4b\")"
   ]
  },
  {
   "cell_type": "markdown",
   "metadata": {},
   "source": [
    "In the following question, we will explore adding a different index and evaluating the query from `Question 4a`. To avoid any interference by the `g_batting_idx` index, **drop the index before moving onto the next question.**"
   ]
  },
  {
   "cell_type": "code",
   "execution_count": 107,
   "metadata": {},
   "outputs": [
    {
     "name": "stdout",
     "output_type": "stream",
     "text": [
      " * postgresql://jovyan@127.0.0.1:5432/baseball\n",
      "   postgresql://jovyan@127.0.0.1:5432/postgres\n",
      "Done.\n"
     ]
    },
    {
     "data": {
      "text/plain": [
       "[]"
      ]
     },
     "execution_count": 107,
     "metadata": {},
     "output_type": "execute_result"
    }
   ],
   "source": [
    "%%sql \n",
    "DROP INDEX g_batting_idx"
   ]
  },
  {
   "cell_type": "markdown",
   "metadata": {},
   "source": [
    "### Question 4c:\n",
    "Write a query to add an index with name `salary_idx` on the `salary` column of the `salaries` table."
   ]
  },
  {
   "cell_type": "code",
   "execution_count": 108,
   "metadata": {},
   "outputs": [
    {
     "name": "stdout",
     "output_type": "stream",
     "text": [
      " * postgresql://jovyan@127.0.0.1:5432/baseball\n",
      "   postgresql://jovyan@127.0.0.1:5432/postgres\n",
      "Done.\n",
      "Returning data to local variable result_4c\n"
     ]
    }
   ],
   "source": [
    "%%sql result_4c <<\n",
    "CREATE INDEX salary_idx\n",
    "ON salaries (salary);"
   ]
  },
  {
   "cell_type": "markdown",
   "metadata": {},
   "source": [
    "Re-inspect the query plan of the query from the `Question 4a` and record its execution time and cost."
   ]
  },
  {
   "cell_type": "code",
   "execution_count": 109,
   "metadata": {},
   "outputs": [
    {
     "name": "stdout",
     "output_type": "stream",
     "text": [
      "                                                                                                                     QUERY PLAN                                                                                                                     \r\n",
      "----------------------------------------------------------------------------------------------------------------------------------------------------------------------------------------------------------------------------------------------------\r\n",
      " GroupAggregate  (cost=3635.14..3635.16 rows=1 width=17) (actual time=20.421..20.476 rows=134 loops=1)\r\n",
      "   Group Key: appearances.playerid\r\n",
      "   ->  Sort  (cost=3635.14..3635.15 rows=1 width=17) (actual time=20.414..20.423 rows=138 loops=1)\r\n",
      "         Sort Key: appearances.playerid\r\n",
      "         Sort Method: quicksort  Memory: 35kB\r\n",
      "         ->  Hash Join  (cost=2898.36..3635.13 rows=1 width=17) (actual time=12.062..20.264 rows=138 loops=1)\r\n",
      "               Hash Cond: ((salaries.yearid = appearances.yearid) AND ((salaries.teamid)::text = (appearances.teamid)::text) AND ((salaries.lgid)::text = (appearances.lgid)::text) AND ((salaries.playerid)::text = (appearances.playerid)::text))\r\n",
      "               ->  Seq Scan on salaries  (cost=0.00..459.28 rows=26428 width=28) (actual time=0.014..1.845 rows=26428 loops=1)\r\n",
      "               ->  Hash  (cost=2873.20..2873.20 rows=1258 width=20) (actual time=11.886..11.887 rows=1347 loops=1)\r\n",
      "                     Buckets: 2048  Batches: 1  Memory Usage: 89kB\r\n",
      "                     ->  Seq Scan on appearances  (cost=0.00..2873.20 rows=1258 width=20) (actual time=0.015..11.417 rows=1347 loops=1)\r\n",
      "                           Filter: (g_batting = 10)\r\n",
      "                           Rows Removed by Filter: 102909\r\n",
      " Planning Time: 1.742 ms\r\n",
      " Execution Time: 20.587 ms\r\n",
      "(15 rows)\r\n",
      "\r\n"
     ]
    }
   ],
   "source": [
    "!psql -h localhost -d baseball -c \"explain analyze $result_4a_query_str\""
   ]
  },
  {
   "cell_type": "code",
   "execution_count": 112,
   "metadata": {},
   "outputs": [],
   "source": [
    "result_4c_cost = 3635.16\n",
    "result_4c_timing = 20.587"
   ]
  },
  {
   "cell_type": "code",
   "execution_count": 113,
   "metadata": {
    "deletable": false,
    "editable": false
   },
   "outputs": [
    {
     "data": {
      "text/html": [
       "<p><strong><pre style='display: inline;'>q4c</pre></strong> passed!</p>"
      ],
      "text/plain": [
       "q4c results: All test cases passed!"
      ]
     },
     "execution_count": 113,
     "metadata": {},
     "output_type": "execute_result"
    }
   ],
   "source": [
    "grader.check(\"q4c\")"
   ]
  },
  {
   "cell_type": "markdown",
   "metadata": {
    "deletable": false,
    "editable": false
   },
   "source": [
    "### Question 4d:\n",
    "#### Question 4di:\n",
    "Given your findings from inspecting the query plans with no indexes, an index on `g_batting`, and an index on `salary`, answer the following question. Assign the variable `q4d_part1` to a list of all options which are true for the proposed statement.\n",
    "\n",
    "1. Consider the following statements:\n",
    "    1. Adding the `g_batting` index did not have a significant impact on the query execution time and cost.\n",
    "    1. Adding the `g_batting` index did have a significant impact on the query execution time, but not the cost.\n",
    "    1. Adding the `g_batting` index did have a significant impact on the query cost, but not the execution time.\n",
    "    1. Adding the `g_batting` index did have a significant impact on the query cost and execution time.\n",
    "    1. Adding the `salary` index did not have a significant impact on the query execution time and cost.\n",
    "    1. Adding the `salary` index did have a significant impact on the query execution time, but not the cost.\n",
    "    1. Adding the `salary` index did have a significant impact on the query cost, but not the execution time.\n",
    "    1. Adding the `salary` index did have a significant impact on the query cost and execution time.\n",
    "\n",
    "**Note:** Your answer should be formatted as follows: `q4d_part1 = ['A', 'B']`\n",
    "\n",
    "<!--\n",
    "BEGIN QUESTION\n",
    "name: q4di\n",
    "points: 2\n",
    "-->"
   ]
  },
  {
   "cell_type": "code",
   "execution_count": 115,
   "metadata": {},
   "outputs": [],
   "source": [
    "q4d_part1 = ['D', 'E']"
   ]
  },
  {
   "cell_type": "code",
   "execution_count": 116,
   "metadata": {
    "deletable": false,
    "editable": false
   },
   "outputs": [
    {
     "data": {
      "text/html": [
       "<p><strong><pre style='display: inline;'>q4di</pre></strong> passed!</p>"
      ],
      "text/plain": [
       "q4di results: All test cases passed!"
      ]
     },
     "execution_count": 116,
     "metadata": {},
     "output_type": "execute_result"
    }
   ],
   "source": [
    "grader.check(\"q4di\")"
   ]
  },
  {
   "cell_type": "markdown",
   "metadata": {
    "deletable": false,
    "editable": false
   },
   "source": [
    "<!-- BEGIN QUESTION -->\n",
    "\n",
    "#### Question 4dii:\n",
    "\n",
    "Explain your answer based on your knowledge from lectures, and details from inspecting the query plans (your explanation should include why you didn't choose certain options).\n",
    "\n",
    "<!--\n",
    "BEGIN QUESTION\n",
    "name: q4dii\n",
    "manual: true\n",
    "points: 2\n",
    "-->"
   ]
  },
  {
   "cell_type": "markdown",
   "metadata": {},
   "source": [
    "Adding indexes helps the system look for data matching certain characteristics. Adding an index to the g_batting column decreased cost and time because we were looking for tuples that had g_batting = 10, so it sped that process up using an index scan method. Indexes can also speed up joins but in this case, since we were indexing on the salary column, there was no change to cost or execution because we were not joining on the salary column as it was exclusive to the salaries table the query plan has no use for that index."
   ]
  },
  {
   "cell_type": "markdown",
   "metadata": {},
   "source": [
    "<!-- END QUESTION -->\n",
    "\n",
    "\n",
    "\n",
    "In the following question, we will further explore the impact of indexes on query performance. To avoid any interference by the `salary_idx` index, please drop the index before moving onto the next question."
   ]
  },
  {
   "cell_type": "code",
   "execution_count": 117,
   "metadata": {},
   "outputs": [
    {
     "name": "stdout",
     "output_type": "stream",
     "text": [
      " * postgresql://jovyan@127.0.0.1:5432/baseball\n",
      "   postgresql://jovyan@127.0.0.1:5432/postgres\n",
      "Done.\n"
     ]
    },
    {
     "data": {
      "text/plain": [
       "[]"
      ]
     },
     "execution_count": 117,
     "metadata": {},
     "output_type": "execute_result"
    }
   ],
   "source": [
    "%%sql \n",
    "DROP INDEX salary_idx"
   ]
  },
  {
   "cell_type": "markdown",
   "metadata": {},
   "source": [
    "### Question 4e:\n",
    "#### Question 4ei:\n",
    "Write a query that finds the `playerid`, `yearid`, and `salary` for each player that had played 10 games and batted in 10 games (the number of games in which a player played can be found in the `g_all` column of the `appearances` table). Your query should join the `salaries` and `appearances` table on all the common columns `yearid`, `teamid`, and `playerid`, so feel free to use a natural join."
   ]
  },
  {
   "cell_type": "code",
   "execution_count": 118,
   "metadata": {},
   "outputs": [
    {
     "name": "stdout",
     "output_type": "stream",
     "text": [
      " * postgresql://jovyan@127.0.0.1:5432/baseball\n",
      "   postgresql://jovyan@127.0.0.1:5432/postgres\n",
      "120 rows affected.\n",
      "Returning data to local variable result_4ei\n"
     ]
    }
   ],
   "source": [
    "%%sql result_4ei <<\n",
    "SELECT appearances.playerid, appearances.yearid, salary\n",
    "FROM (SELECT * FROM appearances WHERE g_all=10 AND g_batting = 10) as appearances\n",
    "NATURAL JOIN salaries;"
   ]
  },
  {
   "cell_type": "code",
   "execution_count": 119,
   "metadata": {},
   "outputs": [],
   "source": [
    "# Do not delete/edit this cell\n",
    "result_4ei.DataFrame().sort_values(['playerid', 'yearid']).to_csv('results/result_4ei.csv', index=False)"
   ]
  },
  {
   "cell_type": "code",
   "execution_count": 120,
   "metadata": {
    "deletable": false,
    "editable": false
   },
   "outputs": [
    {
     "data": {
      "text/html": [
       "<p><strong><pre style='display: inline;'>q4ei_part1</pre></strong> passed!</p>"
      ],
      "text/plain": [
       "q4ei_part1 results: All test cases passed!"
      ]
     },
     "execution_count": 120,
     "metadata": {},
     "output_type": "execute_result"
    }
   ],
   "source": [
    "grader.check(\"q4ei_part1\")"
   ]
  },
  {
   "cell_type": "markdown",
   "metadata": {},
   "source": [
    "Inspect the query plan and record the execution time and cost."
   ]
  },
  {
   "cell_type": "code",
   "execution_count": 121,
   "metadata": {},
   "outputs": [
    {
     "name": "stdout",
     "output_type": "stream",
     "text": [
      "                                                                                                QUERY PLAN                                                                                                 \r\n",
      "-----------------------------------------------------------------------------------------------------------------------------------------------------------------------------------------------------------\r\n",
      " Nested Loop  (cost=0.29..3279.47 rows=1 width=21) (actual time=8.521..15.514 rows=120 loops=1)\r\n",
      "   ->  Seq Scan on appearances  (cost=0.00..3133.84 rows=18 width=20) (actual time=0.017..12.316 rows=1289 loops=1)\r\n",
      "         Filter: ((g_all = 10) AND (g_batting = 10))\r\n",
      "         Rows Removed by Filter: 102967\r\n",
      "   ->  Index Scan using salaries_pkey on salaries  (cost=0.29..8.09 rows=1 width=28) (actual time=0.002..0.002 rows=0 loops=1289)\r\n",
      "         Index Cond: ((yearid = appearances.yearid) AND ((teamid)::text = (appearances.teamid)::text) AND ((lgid)::text = (appearances.lgid)::text) AND ((playerid)::text = (appearances.playerid)::text))\r\n",
      " Planning Time: 1.899 ms\r\n",
      " Execution Time: 15.579 ms\r\n",
      "(8 rows)\r\n",
      "\r\n"
     ]
    }
   ],
   "source": [
    "result_4ei_query_str = \"SELECT playerid, yearid, salary FROM (SELECT * FROM appearances WHERE g_all=10 AND g_batting = 10) as appearances NATURAL JOIN salaries;\"\n",
    "!psql -h localhost -d baseball -c \"explain analyze $result_4ei_query_str\""
   ]
  },
  {
   "cell_type": "code",
   "execution_count": 123,
   "metadata": {},
   "outputs": [],
   "source": [
    "result_4ei_cost = 3279.47\n",
    "result_4ei_timing = 15.579"
   ]
  },
  {
   "cell_type": "code",
   "execution_count": 124,
   "metadata": {
    "deletable": false,
    "editable": false
   },
   "outputs": [
    {
     "data": {
      "text/html": [
       "<p><strong><pre style='display: inline;'>q4ei_part2</pre></strong> passed!</p>"
      ],
      "text/plain": [
       "q4ei_part2 results: All test cases passed!"
      ]
     },
     "execution_count": 124,
     "metadata": {},
     "output_type": "execute_result"
    }
   ],
   "source": [
    "grader.check(\"q4ei_part2\")"
   ]
  },
  {
   "cell_type": "markdown",
   "metadata": {},
   "source": [
    "#### Question 4eii:\n",
    "Now, let's see the impact of adding an index on the `g_batting` column. Create an index on the `g_batting` column. Re-inspect the query from `Question 4ei` and record the execution time and cost."
   ]
  },
  {
   "cell_type": "code",
   "execution_count": 125,
   "metadata": {
    "scrolled": true
   },
   "outputs": [
    {
     "name": "stdout",
     "output_type": "stream",
     "text": [
      " * postgresql://jovyan@127.0.0.1:5432/baseball\n",
      "   postgresql://jovyan@127.0.0.1:5432/postgres\n",
      "Done.\n",
      "Returning data to local variable result_4eii\n"
     ]
    }
   ],
   "source": [
    "%%sql result_4eii << \n",
    "CREATE INDEX g_batting_idx\n",
    "ON appearances (g_batting);"
   ]
  },
  {
   "cell_type": "code",
   "execution_count": 126,
   "metadata": {
    "scrolled": true
   },
   "outputs": [
    {
     "name": "stdout",
     "output_type": "stream",
     "text": [
      "                                                                                                QUERY PLAN                                                                                                 \r\n",
      "-----------------------------------------------------------------------------------------------------------------------------------------------------------------------------------------------------------\r\n",
      " Nested Loop  (cost=18.02..1737.38 rows=1 width=21) (actual time=4.169..7.393 rows=120 loops=1)\r\n",
      "   ->  Bitmap Heap Scan on appearances  (cost=17.73..1591.75 rows=18 width=20) (actual time=0.397..3.297 rows=1289 loops=1)\r\n",
      "         Recheck Cond: (g_batting = 10)\r\n",
      "         Filter: (g_all = 10)\r\n",
      "         Rows Removed by Filter: 58\r\n",
      "         Heap Blocks: exact=899\r\n",
      "         ->  Bitmap Index Scan on g_batting_idx  (cost=0.00..17.73 rows=1258 width=0) (actual time=0.235..0.236 rows=1347 loops=1)\r\n",
      "               Index Cond: (g_batting = 10)\r\n",
      "   ->  Index Scan using salaries_pkey on salaries  (cost=0.29..8.09 rows=1 width=28) (actual time=0.003..0.003 rows=0 loops=1289)\r\n",
      "         Index Cond: ((yearid = appearances.yearid) AND ((teamid)::text = (appearances.teamid)::text) AND ((lgid)::text = (appearances.lgid)::text) AND ((playerid)::text = (appearances.playerid)::text))\r\n",
      " Planning Time: 2.506 ms\r\n",
      " Execution Time: 7.489 ms\r\n",
      "(12 rows)\r\n",
      "\r\n"
     ]
    }
   ],
   "source": [
    "!psql -h localhost -d baseball -c \"explain analyze $result_4ei_query_str\""
   ]
  },
  {
   "cell_type": "code",
   "execution_count": 128,
   "metadata": {},
   "outputs": [],
   "source": [
    "result_4eii_with_index_cost = 1793.38\n",
    "result_4eii_with_index_timing = 7.489"
   ]
  },
  {
   "cell_type": "code",
   "execution_count": 129,
   "metadata": {
    "deletable": false,
    "editable": false
   },
   "outputs": [
    {
     "data": {
      "text/html": [
       "<p><strong><pre style='display: inline;'>q4eii</pre></strong> passed!</p>"
      ],
      "text/plain": [
       "q4eii results: All test cases passed!"
      ]
     },
     "execution_count": 129,
     "metadata": {},
     "output_type": "execute_result"
    }
   ],
   "source": [
    "grader.check(\"q4eii\")"
   ]
  },
  {
   "cell_type": "markdown",
   "metadata": {},
   "source": [
    "In the following question, we will further explore the impact of indexes on query performance. To avoid any interference from the index on the `g_batting` column, drop the index before moving onto the next question."
   ]
  },
  {
   "cell_type": "code",
   "execution_count": 130,
   "metadata": {},
   "outputs": [
    {
     "name": "stdout",
     "output_type": "stream",
     "text": [
      " * postgresql://jovyan@127.0.0.1:5432/baseball\n",
      "   postgresql://jovyan@127.0.0.1:5432/postgres\n",
      "Done.\n"
     ]
    },
    {
     "data": {
      "text/plain": [
       "[]"
      ]
     },
     "execution_count": 130,
     "metadata": {},
     "output_type": "execute_result"
    }
   ],
   "source": [
    "%%sql \n",
    "DROP INDEX g_batting_idx"
   ]
  },
  {
   "cell_type": "markdown",
   "metadata": {},
   "source": [
    "#### Question 4eiii:\n",
    "Write a query that finds the `playerid`, `yearid`, and `salary` for each player that had played 10 games __or__ batted in 10 games. Your query should join the `salaries` and `appearances` table on all the common columns `yearid`, `teamid`, and `playerid`, so feel free to use a natural join."
   ]
  },
  {
   "cell_type": "code",
   "execution_count": 131,
   "metadata": {},
   "outputs": [
    {
     "name": "stdout",
     "output_type": "stream",
     "text": [
      " * postgresql://jovyan@127.0.0.1:5432/baseball\n",
      "   postgresql://jovyan@127.0.0.1:5432/postgres\n",
      "216 rows affected.\n",
      "Returning data to local variable result_4eiii\n"
     ]
    }
   ],
   "source": [
    "%%sql result_4eiii <<\n",
    "SELECT appearances.playerid, appearances.yearid, salary\n",
    "FROM (SELECT * FROM appearances WHERE g_all=10 OR g_batting = 10) as appearances\n",
    "NATURAL JOIN salaries;"
   ]
  },
  {
   "cell_type": "code",
   "execution_count": 132,
   "metadata": {},
   "outputs": [],
   "source": [
    "# Do not delete/edit this cell\n",
    "result_4eiii.DataFrame().sort_values(['playerid', 'yearid']).to_csv('results/result_4eiii.csv', index=False)"
   ]
  },
  {
   "cell_type": "code",
   "execution_count": 133,
   "metadata": {
    "deletable": false,
    "editable": false
   },
   "outputs": [
    {
     "data": {
      "text/html": [
       "<p><strong><pre style='display: inline;'>q4eiii_part1</pre></strong> passed!</p>"
      ],
      "text/plain": [
       "q4eiii_part1 results: All test cases passed!"
      ]
     },
     "execution_count": 133,
     "metadata": {},
     "output_type": "execute_result"
    }
   ],
   "source": [
    "grader.check(\"q4eiii_part1\")"
   ]
  },
  {
   "cell_type": "code",
   "execution_count": 134,
   "metadata": {},
   "outputs": [
    {
     "name": "stdout",
     "output_type": "stream",
     "text": [
      "                                                                                                               QUERY PLAN                                                                                                               \r\n",
      "----------------------------------------------------------------------------------------------------------------------------------------------------------------------------------------------------------------------------------------\r\n",
      " Hash Join  (cost=3188.86..3925.63 rows=1 width=21) (actual time=13.128..20.212 rows=216 loops=1)\r\n",
      "   Hash Cond: ((salaries.yearid = appearances.yearid) AND ((salaries.teamid)::text = (appearances.teamid)::text) AND ((salaries.lgid)::text = (appearances.lgid)::text) AND ((salaries.playerid)::text = (appearances.playerid)::text))\r\n",
      "   ->  Seq Scan on salaries  (cost=0.00..459.28 rows=26428 width=28) (actual time=0.014..1.676 rows=26428 loops=1)\r\n",
      "   ->  Hash  (cost=3133.84..3133.84 rows=2751 width=20) (actual time=12.920..12.921 rows=1655 loops=1)\r\n",
      "         Buckets: 4096  Batches: 1  Memory Usage: 121kB\r\n",
      "         ->  Seq Scan on appearances  (cost=0.00..3133.84 rows=2751 width=20) (actual time=0.014..12.342 rows=1655 loops=1)\r\n",
      "               Filter: ((g_all = 10) OR (g_batting = 10))\r\n",
      "               Rows Removed by Filter: 102601\r\n",
      " Planning Time: 1.416 ms\r\n",
      " Execution Time: 20.276 ms\r\n",
      "(10 rows)\r\n",
      "\r\n"
     ]
    }
   ],
   "source": [
    "result_4eiii_query_str = \"SELECT appearances.playerid, appearances.yearid, salary FROM (SELECT * FROM appearances WHERE g_all=10 OR g_batting = 10) as appearances NATURAL JOIN salaries;\"\n",
    "!psql -h localhost -d baseball -c \"explain analyze $result_4eiii_query_str\""
   ]
  },
  {
   "cell_type": "code",
   "execution_count": 135,
   "metadata": {},
   "outputs": [],
   "source": [
    "result_4eiii_cost = 3933.31\n",
    "result_4eiii_timing = 22.344"
   ]
  },
  {
   "cell_type": "code",
   "execution_count": 136,
   "metadata": {
    "deletable": false,
    "editable": false
   },
   "outputs": [
    {
     "data": {
      "text/html": [
       "<p><strong><pre style='display: inline;'>q4eiii_part2</pre></strong> passed!</p>"
      ],
      "text/plain": [
       "q4eiii_part2 results: All test cases passed!"
      ]
     },
     "execution_count": 136,
     "metadata": {},
     "output_type": "execute_result"
    }
   ],
   "source": [
    "grader.check(\"q4eiii_part2\")"
   ]
  },
  {
   "cell_type": "markdown",
   "metadata": {},
   "source": [
    "#### Question 4eiv\n",
    "Now, let's see the impact of adding an index on `g_batting` column will have on the query. Re-create the index and re-inspect the query from `Question 4eiii` and record the execution time and cost."
   ]
  },
  {
   "cell_type": "code",
   "execution_count": 137,
   "metadata": {
    "scrolled": true
   },
   "outputs": [
    {
     "name": "stdout",
     "output_type": "stream",
     "text": [
      " * postgresql://jovyan@127.0.0.1:5432/baseball\n",
      "   postgresql://jovyan@127.0.0.1:5432/postgres\n",
      "Done.\n",
      "Returning data to local variable result_4eiv\n"
     ]
    }
   ],
   "source": [
    "%%sql result_4eiv << \n",
    "CREATE INDEX g_batting_idx\n",
    "ON appearances (g_batting);"
   ]
  },
  {
   "cell_type": "code",
   "execution_count": 138,
   "metadata": {},
   "outputs": [
    {
     "name": "stdout",
     "output_type": "stream",
     "text": [
      "                                                                                                               QUERY PLAN                                                                                                               \r\n",
      "----------------------------------------------------------------------------------------------------------------------------------------------------------------------------------------------------------------------------------------\r\n",
      " Hash Join  (cost=3188.86..3925.63 rows=1 width=21) (actual time=14.831..22.246 rows=216 loops=1)\r\n",
      "   Hash Cond: ((salaries.yearid = appearances.yearid) AND ((salaries.teamid)::text = (appearances.teamid)::text) AND ((salaries.lgid)::text = (appearances.lgid)::text) AND ((salaries.playerid)::text = (appearances.playerid)::text))\r\n",
      "   ->  Seq Scan on salaries  (cost=0.00..459.28 rows=26428 width=28) (actual time=0.014..1.778 rows=26428 loops=1)\r\n",
      "   ->  Hash  (cost=3133.84..3133.84 rows=2751 width=20) (actual time=14.629..14.630 rows=1655 loops=1)\r\n",
      "         Buckets: 4096  Batches: 1  Memory Usage: 121kB\r\n",
      "         ->  Seq Scan on appearances  (cost=0.00..3133.84 rows=2751 width=20) (actual time=0.015..13.980 rows=1655 loops=1)\r\n",
      "               Filter: ((g_all = 10) OR (g_batting = 10))\r\n",
      "               Rows Removed by Filter: 102601\r\n",
      " Planning Time: 1.635 ms\r\n",
      " Execution Time: 22.339 ms\r\n",
      "(10 rows)\r\n",
      "\r\n"
     ]
    }
   ],
   "source": [
    "!psql -h localhost -d baseball -c \"explain analyze $result_4eiii_query_str\""
   ]
  },
  {
   "cell_type": "code",
   "execution_count": 139,
   "metadata": {},
   "outputs": [],
   "source": [
    "result_4eiv_with_index_cost = 3933.31\n",
    "result_4eiv_with_index_timing = 22.626 "
   ]
  },
  {
   "cell_type": "code",
   "execution_count": 140,
   "metadata": {
    "deletable": false,
    "editable": false
   },
   "outputs": [
    {
     "data": {
      "text/html": [
       "<p><strong><pre style='display: inline;'>q4eiv</pre></strong> passed!</p>"
      ],
      "text/plain": [
       "q4eiv results: All test cases passed!"
      ]
     },
     "execution_count": 140,
     "metadata": {},
     "output_type": "execute_result"
    }
   ],
   "source": [
    "grader.check(\"q4eiv\")"
   ]
  },
  {
   "cell_type": "markdown",
   "metadata": {},
   "source": [
    "In the following question, we will further explore the impact of indexes on query performance. To avoid any interference from the index on the `g_batting` column, drop the index before moving onto the next question."
   ]
  },
  {
   "cell_type": "code",
   "execution_count": 141,
   "metadata": {},
   "outputs": [
    {
     "name": "stdout",
     "output_type": "stream",
     "text": [
      " * postgresql://jovyan@127.0.0.1:5432/baseball\n",
      "   postgresql://jovyan@127.0.0.1:5432/postgres\n",
      "Done.\n"
     ]
    },
    {
     "data": {
      "text/plain": [
       "[]"
      ]
     },
     "execution_count": 141,
     "metadata": {},
     "output_type": "execute_result"
    }
   ],
   "source": [
    "%%sql \n",
    "DROP INDEX g_batting_idx"
   ]
  },
  {
   "cell_type": "markdown",
   "metadata": {},
   "source": [
    "#### Question 4ev:\n",
    "Now, create a multiple column index on `g_batting` and `g_all` called `g_batting_g_all_idx` and record the query execution time and cost."
   ]
  },
  {
   "cell_type": "code",
   "execution_count": 142,
   "metadata": {},
   "outputs": [],
   "source": [
    "# %%sql\n",
    "# DROP INDEX g_batting_g_all_idx"
   ]
  },
  {
   "cell_type": "code",
   "execution_count": 143,
   "metadata": {},
   "outputs": [
    {
     "name": "stdout",
     "output_type": "stream",
     "text": [
      " * postgresql://jovyan@127.0.0.1:5432/baseball\n",
      "   postgresql://jovyan@127.0.0.1:5432/postgres\n",
      "Done.\n",
      "Returning data to local variable result_4v\n"
     ]
    }
   ],
   "source": [
    "%%sql result_4v <<\n",
    "CREATE INDEX g_batting_g_all_idx\n",
    "ON appearances (g_batting, g_all);"
   ]
  },
  {
   "cell_type": "code",
   "execution_count": 149,
   "metadata": {},
   "outputs": [
    {
     "name": "stdout",
     "output_type": "stream",
     "text": [
      "                                                                                                               QUERY PLAN                                                                                                               \r\n",
      "----------------------------------------------------------------------------------------------------------------------------------------------------------------------------------------------------------------------------------------\r\n",
      " Hash Join  (cost=2889.93..3626.70 rows=1 width=21) (actual time=3.942..11.155 rows=216 loops=1)\r\n",
      "   Hash Cond: ((salaries.yearid = appearances.yearid) AND ((salaries.teamid)::text = (appearances.teamid)::text) AND ((salaries.lgid)::text = (appearances.lgid)::text) AND ((salaries.playerid)::text = (appearances.playerid)::text))\r\n",
      "   ->  Seq Scan on salaries  (cost=0.00..459.28 rows=26428 width=28) (actual time=0.014..1.728 rows=26428 loops=1)\r\n",
      "   ->  Hash  (cost=2834.91..2834.91 rows=2751 width=20) (actual time=3.769..3.771 rows=1655 loops=1)\r\n",
      "         Buckets: 4096  Batches: 1  Memory Usage: 121kB\r\n",
      "         ->  Bitmap Heap Scan on appearances  (cost=1181.32..2834.91 rows=2751 width=20) (actual time=0.785..3.345 rows=1655 loops=1)\r\n",
      "               Recheck Cond: ((g_all = 10) OR (g_batting = 10))\r\n",
      "               Heap Blocks: exact=1027\r\n",
      "               ->  BitmapOr  (cost=1181.32..1181.32 rows=2770 width=0) (actual time=0.620..0.621 rows=0 loops=1)\r\n",
      "                     ->  Bitmap Index Scan on g_batting_g_all_idx  (cost=0.00..1162.21 rows=1512 width=0) (actual time=0.550..0.550 rows=1597 loops=1)\r\n",
      "                           Index Cond: (g_all = 10)\r\n",
      "                     ->  Bitmap Index Scan on g_batting_g_all_idx  (cost=0.00..17.73 rows=1258 width=0) (actual time=0.069..0.069 rows=1347 loops=1)\r\n",
      "                           Index Cond: (g_batting = 10)\r\n",
      " Planning Time: 1.560 ms\r\n",
      " Execution Time: 11.250 ms\r\n",
      "(15 rows)\r\n",
      "\r\n"
     ]
    }
   ],
   "source": [
    "!psql -h localhost -d baseball -c \"explain analyze $result_4eiii_query_str\""
   ]
  },
  {
   "cell_type": "code",
   "execution_count": 145,
   "metadata": {},
   "outputs": [],
   "source": [
    "result_4ev_multiple_col_index_cost = 3606.73\n",
    "result_4ev_multiple_col_index_timing = 12.763"
   ]
  },
  {
   "cell_type": "code",
   "execution_count": 146,
   "metadata": {
    "deletable": false,
    "editable": false
   },
   "outputs": [
    {
     "data": {
      "text/html": [
       "<p><strong><pre style='display: inline;'>q4ev</pre></strong> passed!</p>"
      ],
      "text/plain": [
       "q4ev results: All test cases passed!"
      ]
     },
     "execution_count": 146,
     "metadata": {},
     "output_type": "execute_result"
    }
   ],
   "source": [
    "grader.check(\"q4ev\")"
   ]
  },
  {
   "cell_type": "markdown",
   "metadata": {
    "deletable": false,
    "editable": false
   },
   "source": [
    "#### Question 4evi:\n",
    "Given your findings from inspecting the query plans from `Question 4e`, answer the following question. Assign the variable `q4e_part6` to a list of all statements that are true.\n",
    "\n",
    "1. Consider the following statements:\n",
    "    1. Adding an index on a column used in an AND predicate will reduce the query time, but not the execution cost.\n",
    "    1. Adding an index on a column used in an AND predicate will reduce the query cost, but not the execution time.\n",
    "    1. Adding an index on a column used in an AND predicate will reduce the query cost and the execution time.\n",
    "    1. Adding an index on a column used in an OR predicate will reduce the query time, but not the execution cost.\n",
    "    1. Adding an index on a column used in an OR predicate will reduce the query cost, but not the execution time.\n",
    "    1. Adding an index on a column used in an OR predicate will reduce the query cost and the execution time.\n",
    "    1. Adding a mutlicolumn index on columns in an OR predicate will reduce the query time, but not the execution cost.\n",
    "    1. Adding a mutlicolumn index on columns in an OR predicate will reduce the query cost, but not the execution time.\n",
    "    1. Adding a mutlicolumn index on columns in an OR predicate will reduce the query cost and the execution time.\n",
    "\n",
    "**Note:** Your answer should be formatted as follows: `q4e_part6 = ['A', 'B']`\n",
    "\n",
    "<!--\n",
    "BEGIN QUESTION\n",
    "name: q4evi\n",
    "points: 2\n",
    "-->"
   ]
  },
  {
   "cell_type": "code",
   "execution_count": 147,
   "metadata": {},
   "outputs": [],
   "source": [
    "q4e_part6 = ['C', 'I']"
   ]
  },
  {
   "cell_type": "code",
   "execution_count": 148,
   "metadata": {
    "deletable": false,
    "editable": false
   },
   "outputs": [
    {
     "data": {
      "text/html": [
       "<p><strong><pre style='display: inline;'>q4evi</pre></strong> passed!</p>"
      ],
      "text/plain": [
       "q4evi results: All test cases passed!"
      ]
     },
     "execution_count": 148,
     "metadata": {},
     "output_type": "execute_result"
    }
   ],
   "source": [
    "grader.check(\"q4evi\")"
   ]
  },
  {
   "cell_type": "markdown",
   "metadata": {
    "deletable": false,
    "editable": false
   },
   "source": [
    "<!-- BEGIN QUESTION -->\n",
    "\n",
    "#### Question 4evii\n",
    "\n",
    "Explain your answer to the previous part based on your knowledge from lectures, and details of the query plans (your explanation should include why you didn't choose certain options).\n",
    "\n",
    "<!--\n",
    "BEGIN QUESTION\n",
    "name: q4evii\n",
    "manual: true\n",
    "points: 2\n",
    "-->"
   ]
  },
  {
   "cell_type": "markdown",
   "metadata": {},
   "source": [
    "Using indexes with an AND predicate like we did 4eii reduced both cost and time because in an AND predicate we can essentially only search through one column and remove tuples that don't hold (because by AND they shouldn't be returned), which reduces the amount of filtering the system has to do. Then the filtering on g_batting is also faster due to the Bitmap Heap Scan searching which limits the which is faster than sequential search over all the tuples. \n",
    "\n",
    "Using indexes on one column used in OR statements did not reduce time or cost because even though we can find tuples where g_batting = 10 using the index that we created for that specific column, we would still need to go through all the tuples again for the second column using sequential search for each column because even if g_batting was false, the g_all could be true. So then using index methods here would not be beneficial since we can't actually use any of the filtered true rows and the query plan just sticks to sequential search. \n",
    "\n",
    "Using indexes on both columns reduced both the query time and cost when used in OR statements because, despite this being an OR predicate, having two indexes means that we can look at only the indexes . We still have to search every single tuple but if we have a multicolumn index we can still narrow down the search range that corressponds to only those two indexes rather than searching through all the data pages. The query plan shows that there is a reduction in cost and execution time, but it is not as significant as using an AND predicate."
   ]
  },
  {
   "cell_type": "markdown",
   "metadata": {},
   "source": [
    "<!-- END QUESTION -->\n",
    "\n",
    "\n",
    "\n",
    "## Question 5: More Indexes\n",
    "### Question 5a:\n",
    "Write 2 queries: one that finds the minimum salary from the salary table and one that finds the average. Inspect the queries' query plans and record their execution times and costs."
   ]
  },
  {
   "cell_type": "code",
   "execution_count": null,
   "metadata": {},
   "outputs": [],
   "source": [
    "%%sql result_5a_min << \n",
    "SELECT MIN(salary)\n",
    "FROM salaries"
   ]
  },
  {
   "cell_type": "code",
   "execution_count": null,
   "metadata": {},
   "outputs": [],
   "source": [
    "result_5a_min_query_str = \"SELECT MIN(salary) FROM salaries\"\n",
    "!psql -h localhost -d baseball -c \"explain analyze $result_5a_min_query_str\""
   ]
  },
  {
   "cell_type": "code",
   "execution_count": null,
   "metadata": {},
   "outputs": [],
   "source": [
    "result_5a_min_query_cost = 525.36\n",
    "result_5a_min_query_timing = 4.568"
   ]
  },
  {
   "cell_type": "code",
   "execution_count": null,
   "metadata": {
    "deletable": false,
    "editable": false
   },
   "outputs": [],
   "source": [
    "grader.check(\"q5ai\")"
   ]
  },
  {
   "cell_type": "code",
   "execution_count": null,
   "metadata": {},
   "outputs": [],
   "source": [
    "%%sql result_5a_avg <<\n",
    "SELECT AVG(salary)\n",
    "FROM salaries"
   ]
  },
  {
   "cell_type": "code",
   "execution_count": null,
   "metadata": {},
   "outputs": [],
   "source": [
    "result_5a_avg_query_str = \"SELECT AVG(salary) FROM salaries\"\n",
    "!psql -h localhost -d baseball -c \"explain analyze $result_5a_avg_query_str\""
   ]
  },
  {
   "cell_type": "code",
   "execution_count": null,
   "metadata": {},
   "outputs": [],
   "source": [
    "result_5a_avg_query_cost = 525.36\n",
    "result_5a_avg_query_timing = 5.102"
   ]
  },
  {
   "cell_type": "code",
   "execution_count": null,
   "metadata": {
    "deletable": false,
    "editable": false
   },
   "outputs": [],
   "source": [
    "grader.check(\"q5aii\")"
   ]
  },
  {
   "cell_type": "markdown",
   "metadata": {},
   "source": [
    "### Question 5b:\n",
    "Create an index on the `salary` column in the `salaries` table and re-inspect the query plans from the previous part and record the respective execution time and cost."
   ]
  },
  {
   "cell_type": "code",
   "execution_count": null,
   "metadata": {},
   "outputs": [],
   "source": [
    "%%sql \n",
    "CREATE INDEX salary_idx\n",
    "ON salaries (salary);"
   ]
  },
  {
   "cell_type": "code",
   "execution_count": null,
   "metadata": {},
   "outputs": [],
   "source": [
    "!psql -h localhost -d baseball -c \"explain analyze $result_5a_min_query_str\""
   ]
  },
  {
   "cell_type": "code",
   "execution_count": null,
   "metadata": {},
   "outputs": [],
   "source": [
    "result_5b_min_query_cost = 0.33\n",
    "result_5b_min_query_timing = 0.136"
   ]
  },
  {
   "cell_type": "code",
   "execution_count": null,
   "metadata": {
    "deletable": false,
    "editable": false
   },
   "outputs": [],
   "source": [
    "grader.check(\"q5bi\")"
   ]
  },
  {
   "cell_type": "code",
   "execution_count": null,
   "metadata": {},
   "outputs": [],
   "source": [
    "!psql -h localhost -d baseball -c \"explain analyze $result_5a_avg_query_str\""
   ]
  },
  {
   "cell_type": "code",
   "execution_count": null,
   "metadata": {},
   "outputs": [],
   "source": [
    "result_5b_avg_query_cost = 525.36\n",
    "result_5b_avg_query_timing = 8.508"
   ]
  },
  {
   "cell_type": "code",
   "execution_count": null,
   "metadata": {
    "deletable": false,
    "editable": false
   },
   "outputs": [],
   "source": [
    "grader.check(\"q5bii\")"
   ]
  },
  {
   "cell_type": "markdown",
   "metadata": {},
   "source": [
    "In the following questions, we will further explore the impact of indexes on query performance. To avoid any interference from the index on the `salary` column, drop the index before moving onto the next question."
   ]
  },
  {
   "cell_type": "code",
   "execution_count": null,
   "metadata": {},
   "outputs": [],
   "source": [
    "%%sql \n",
    "DROP INDEX salary_idx"
   ]
  },
  {
   "cell_type": "markdown",
   "metadata": {
    "deletable": false,
    "editable": false
   },
   "source": [
    "### Question 5c:\n",
    "Given your findings from `Question 5a-b`, answer the following question. Assign the variable `q5c` to the correct answer choice.\n",
    "\n",
    "1. Which of the following statements is true?\n",
    "    1. An index on the column being aggregated in a query will always provide a performance enhancement.\n",
    "    1. A query finding the MIN(salary) will always benefit from an index on salary, but a query finding MAX(salary) will not.\n",
    "    1. A query finding the COUNT(salary) will always benefit from an index on salary, but a query finding AVG(salary) will not.\n",
    "    1. Queries finding the MIN(salary) or MAX(salary) will always benefit from an index on salary, but queries finding AVG(salary) or COUNT(salary) will not.\n",
    "\n",
    "*Note:* Your answer should be formatted as follows: `q5c = ['A', 'B']`\n",
    "\n",
    "<!--\n",
    "BEGIN QUESTION\n",
    "name: q5c\n",
    "points: 1\n",
    "-->"
   ]
  },
  {
   "cell_type": "code",
   "execution_count": null,
   "metadata": {},
   "outputs": [],
   "source": [
    "q5c = ['D']"
   ]
  },
  {
   "cell_type": "code",
   "execution_count": null,
   "metadata": {
    "deletable": false,
    "editable": false
   },
   "outputs": [],
   "source": [
    "grader.check(\"q5c\")"
   ]
  },
  {
   "cell_type": "markdown",
   "metadata": {
    "deletable": false,
    "editable": false
   },
   "source": [
    "<!-- BEGIN QUESTION -->\n",
    "\n",
    "### Question 5d:\n",
    "\n",
    "Explain your answer to the previous part based on your knowledge from lectures, and your inspection of the query plans.\n",
    "\n",
    "<!--\n",
    "BEGIN QUESTION\n",
    "name: q5d\n",
    "manual: true\n",
    "points: 2\n",
    "-->"
   ]
  },
  {
   "cell_type": "markdown",
   "metadata": {},
   "source": [
    "Looking at the query plans, we can see that using AVG or COUNT doesn't improve performance, and even with indexing these use the same query plan. However, looking at the MIN (or MAX) aggregation, this reduces both cost and execution. Count and Average are slower aggregation functions because they both must use a sequential scan as they must read every single tuple before their output is ready. This means that indexing COUNT or AVG columns does not improve any performance because we would still need to go through every tuple which defeats the purpose of having an index, and therefore we would still use the sequential scan. \n",
    "\n",
    "On the other hand, MIN or MAX are good functions to use with an indexed column because these queries can make use of index specific scans as they are only looking for single values. In these cases using the index would allow SQL to simply navigate to the first OR last leaf block in the index structure."
   ]
  },
  {
   "cell_type": "markdown",
   "metadata": {},
   "source": [
    "<!-- END QUESTION -->\n",
    "\n",
    "\n",
    "\n",
    "## Question 6: Clustered Indexes\n",
    "In this question, we will inspect the impact that clustering our data on an index can have on a query's performance.\n",
    "\n",
    "### Question 6a\n",
    "Write a query that finds the `playerid`, `yearid`, `teamid`, and `ab` for all players whose `ab` was above 500. Inspect the query plan and record the execution time and cost."
   ]
  },
  {
   "cell_type": "code",
   "execution_count": null,
   "metadata": {},
   "outputs": [],
   "source": [
    "%%sql result_6a <<\n",
    "SELECT playerid, yearid, teamid, ab\n",
    "FROM batting\n",
    "WHERE ab > 500"
   ]
  },
  {
   "cell_type": "code",
   "execution_count": null,
   "metadata": {},
   "outputs": [],
   "source": [
    "# Do not delete/edit this cell\n",
    "result_6a.DataFrame().sort_values(['playerid', 'yearid', 'teamid']).iloc[:1000].to_csv('results/result_6a.csv', index=False)"
   ]
  },
  {
   "cell_type": "code",
   "execution_count": null,
   "metadata": {
    "deletable": false,
    "editable": false
   },
   "outputs": [],
   "source": [
    "grader.check(\"q6ai\")"
   ]
  },
  {
   "cell_type": "code",
   "execution_count": null,
   "metadata": {},
   "outputs": [],
   "source": [
    "result_6a_query_str = \"SELECT playerid, yearid, teamid, ab FROM batting WHERE ab > 500\"\n",
    "!psql -h localhost -d baseball -c \"explain analyze $result_6a_query_str\""
   ]
  },
  {
   "cell_type": "code",
   "execution_count": null,
   "metadata": {},
   "outputs": [],
   "source": [
    "result_6a_cost = 2878.05\n",
    "result_6a_timing = 20.290"
   ]
  },
  {
   "cell_type": "code",
   "execution_count": null,
   "metadata": {
    "deletable": false,
    "editable": false
   },
   "outputs": [],
   "source": [
    "grader.check(\"q6aii\")"
   ]
  },
  {
   "cell_type": "markdown",
   "metadata": {},
   "source": [
    "### Question 6b:\n",
    "Cluster the `batting` table on its primary key (hint: use `\\di` to find out what name of the primary key is). We are able to directly cluster on the primary key (without first creating a separate index) because Postgres automatically creates an index for it. Re-inspect the query plan for the query from `Question 6a` and record the execution time and cost."
   ]
  },
  {
   "cell_type": "code",
   "execution_count": null,
   "metadata": {},
   "outputs": [],
   "source": [
    "%%sql \n",
    "CLUSTER batting USING batting_pkey"
   ]
  },
  {
   "cell_type": "code",
   "execution_count": null,
   "metadata": {},
   "outputs": [],
   "source": [
    "!psql -h localhost -d baseball -c \"explain analyze $result_6a_query_str\""
   ]
  },
  {
   "cell_type": "code",
   "execution_count": null,
   "metadata": {},
   "outputs": [],
   "source": [
    "result_6b_cost = 2878.05\n",
    "result_6b_timing = 15.412"
   ]
  },
  {
   "cell_type": "code",
   "execution_count": null,
   "metadata": {
    "deletable": false,
    "editable": false
   },
   "outputs": [],
   "source": [
    "grader.check(\"q6b\")"
   ]
  },
  {
   "cell_type": "markdown",
   "metadata": {},
   "source": [
    "### Question 6c\n",
    "Now, let's try clustering the table based on another index. Create an index on `ab` column called `ab_idx` in the `batting` table AND cluster the `batting` table with this new index. Now, re-inspect the query plan and record the execution time and cost."
   ]
  },
  {
   "cell_type": "code",
   "execution_count": null,
   "metadata": {},
   "outputs": [],
   "source": [
    "# %%sql\n",
    "# DROP INDEX ab_idx"
   ]
  },
  {
   "cell_type": "code",
   "execution_count": null,
   "metadata": {},
   "outputs": [],
   "source": [
    "%%sql \n",
    "CREATE INDEX ab_idx\n",
    "ON batting(ab);"
   ]
  },
  {
   "cell_type": "code",
   "execution_count": null,
   "metadata": {},
   "outputs": [],
   "source": [
    "%%sql\n",
    "CLUSTER batting USING ab_idx;"
   ]
  },
  {
   "cell_type": "code",
   "execution_count": null,
   "metadata": {},
   "outputs": [],
   "source": [
    "!psql -h localhost -d baseball -c \"explain analyze $result_6a_query_str\""
   ]
  },
  {
   "cell_type": "code",
   "execution_count": null,
   "metadata": {},
   "outputs": [],
   "source": [
    "result_6c_cost = 1785.39\n",
    "result_6c_timing = 2.306"
   ]
  },
  {
   "cell_type": "code",
   "execution_count": null,
   "metadata": {
    "deletable": false,
    "editable": false
   },
   "outputs": [],
   "source": [
    "grader.check(\"q6c\")"
   ]
  },
  {
   "cell_type": "markdown",
   "metadata": {
    "deletable": false,
    "editable": false
   },
   "source": [
    "### Question 6d\n",
    "Given your findings from inspecting the query plans from `Question 6a-c`, answer the following question. Assign the variable `q6d` to a list of all statements that are true.\n",
    "\n",
    "1. Consider the following statements:\n",
    "    1. Clustering based on the `ab_idx` decreased the cost of the query.\n",
    "    1. Clustering based on the `ab_idx` increased the cost of the query.\n",
    "    1. Clustering based on the `ab_idx` increased the execution time of the query.\n",
    "    1. Clustering based on the `ab_idx` decreased the execution time of the query.\n",
    "    1. Clustering based on the `batting_pkey` decreased the cost of the query.\n",
    "    1. Clustering based on the `batting_pkey` increased the cost of the query.\n",
    "    1. Clustering based on the `batting_pkey` increased the execution time of the query.\n",
    "    1. Clustering based on the `batting_pkey` decreased the execution time of the query.\n",
    "    1. None of the above\n",
    "    \n",
    "**Note:** Your answer should be formatted as follows: `q6d = ['A', 'B']`\n",
    "\n",
    "<!--\n",
    "BEGIN QUESTION\n",
    "name: q6d\n",
    "points: 2\n",
    "-->"
   ]
  },
  {
   "cell_type": "code",
   "execution_count": null,
   "metadata": {},
   "outputs": [],
   "source": [
    "q6d = ['A', 'D']"
   ]
  },
  {
   "cell_type": "code",
   "execution_count": null,
   "metadata": {
    "deletable": false,
    "editable": false
   },
   "outputs": [],
   "source": [
    "grader.check(\"q6d\")"
   ]
  },
  {
   "cell_type": "markdown",
   "metadata": {
    "deletable": false,
    "editable": false
   },
   "source": [
    "<!-- BEGIN QUESTION -->\n",
    "\n",
    "### Question 6e:\n",
    "\n",
    "Explain your answer to the previous part based on your knowledge from lectures, and your inspection of the query plans (your explanation should include why you didn't choose certain options).\n",
    "\n",
    "<!--\n",
    "BEGIN QUESTION\n",
    "name: q6e\n",
    "manual: true\n",
    "points: 2\n",
    "-->"
   ]
  },
  {
   "cell_type": "markdown",
   "metadata": {},
   "source": [
    "Clustering based on the batting_pkey didn't have much of an effect on the execution time or cost of the query because since it the batting_pkey is a primary key, and therefore all unique, there was really not any added benefit (or detriment) to doing this. The number of clusters was equivalent to the number of batting_pkey's, additionally, the where clause is not using the primary key and therefore adding that specific clustering did not change anything about the query plan.\n",
    "\n",
    "Clustering and indexing on ab from the batting table makes it such that instead of having to go through all 10k rows of the batting table, we only have to go through each value that ab can be (which is probably much smaller than 0-10k). Then we can use the index structure to optimize the where statement for ab > 500, which decreased both cost and time."
   ]
  },
  {
   "cell_type": "markdown",
   "metadata": {},
   "source": [
    "<!-- END QUESTION -->\n",
    "\n",
    "\n",
    "\n",
    "## Question 7: Cost of Index Management\n",
    "Until now, we have seen the positive potential impact that indexes can have on query performance, but remember in real world technologies/applications, we will be routinely receiving new data (and in large quantities) which would trigger regular updates to our tables. In this section, we will dive into the cost of managing the indexes that we create.\n",
    "\n",
    "### Question 7a:\n",
    "Record the time it takes to insert 300,000 rows into the `salaries` table when no additional index is configured."
   ]
  },
  {
   "cell_type": "markdown",
   "metadata": {},
   "source": [
    "Run the following cell to setup a column to track which rows we added as part of these inserts."
   ]
  },
  {
   "cell_type": "code",
   "execution_count": null,
   "metadata": {},
   "outputs": [],
   "source": [
    "%sql ALTER TABLE salaries ADD added boolean DEFAULT False;"
   ]
  },
  {
   "cell_type": "markdown",
   "metadata": {},
   "source": [
    "Next, run the provided update script and record the **wall time**.\n",
    "\n",
    "**NOTE:** Running the below cell multiple times may result in an error, unless you first delete the rows with the cell given at the end of this subpart."
   ]
  },
  {
   "cell_type": "code",
   "execution_count": null,
   "metadata": {},
   "outputs": [],
   "source": [
    "%%time\n",
    "%%sql\n",
    "DO $$\n",
    " DECLARE counter INTEGER := 1;\n",
    " BEGIN\n",
    "     FOR counter IN 100001..400000 LOOP\n",
    "     INSERT INTO salaries (yearid, teamid, lgid, playerid, salary, added)\n",
    "         VALUES (2021, 'ATL', 'NL', 'p' || counter, RANDOM() * 1000000, true);\n",
    "     END LOOP;\n",
    "END;\n",
    "$$;"
   ]
  },
  {
   "cell_type": "code",
   "execution_count": null,
   "metadata": {},
   "outputs": [],
   "source": [
    "result_7a_timing = 4"
   ]
  },
  {
   "cell_type": "code",
   "execution_count": null,
   "metadata": {
    "deletable": false,
    "editable": false
   },
   "outputs": [],
   "source": [
    "grader.check(\"q7a\")"
   ]
  },
  {
   "cell_type": "markdown",
   "metadata": {},
   "source": [
    "Before adding an index to the salaries table and re-timing the updates, delete all the rows that were added to the table from the update script."
   ]
  },
  {
   "cell_type": "code",
   "execution_count": null,
   "metadata": {},
   "outputs": [],
   "source": [
    "%%sql\n",
    "DELETE FROM salaries\n",
    "WHERE added = 'true';"
   ]
  },
  {
   "cell_type": "markdown",
   "metadata": {},
   "source": [
    "### Question 7b:\n",
    "Now, create an index on the `salary` column and record the **wall time** after executing the update script."
   ]
  },
  {
   "cell_type": "code",
   "execution_count": null,
   "metadata": {},
   "outputs": [],
   "source": [
    "%%sql \n",
    "CREATE INDEX salary_idx\n",
    "ON salaries (salary);"
   ]
  },
  {
   "cell_type": "markdown",
   "metadata": {},
   "source": [
    "**NOTE:** Running the below cell multiple times may result in an error, unless you first delete the rows with the cell given at the end of last subpart."
   ]
  },
  {
   "cell_type": "code",
   "execution_count": null,
   "metadata": {},
   "outputs": [],
   "source": [
    "%%time\n",
    "%%sql\n",
    "DO $$\n",
    " DECLARE counter INTEGER := 1;\n",
    " BEGIN\n",
    "     FOR counter IN 100001..400000 LOOP\n",
    "     INSERT INTO salaries (yearid, teamid, lgid, playerid, salary, added)\n",
    "         VALUES (2021, 'ATL', 'NL', 'p' || counter, RANDOM() * 1000000, true);\n",
    "     END LOOP;\n",
    "END;\n",
    "$$;"
   ]
  },
  {
   "cell_type": "code",
   "execution_count": null,
   "metadata": {},
   "outputs": [],
   "source": [
    "result_7b_timing = 5.34"
   ]
  },
  {
   "cell_type": "code",
   "execution_count": null,
   "metadata": {
    "deletable": false,
    "editable": false
   },
   "outputs": [],
   "source": [
    "grader.check(\"q7b\")"
   ]
  },
  {
   "cell_type": "markdown",
   "metadata": {
    "deletable": false,
    "editable": false
   },
   "source": [
    "<!-- BEGIN QUESTION -->\n",
    "\n",
    "### Question 7c:\n",
    "What difference did you notice when you added an index into the salaries table and re-timed the update? Why do you think it happened?\n",
    "\n",
    "<!--\n",
    "BEGIN QUESTION\n",
    "name: q7c\n",
    "manual: true\n",
    "points: 2\n",
    "-->"
   ]
  },
  {
   "cell_type": "markdown",
   "metadata": {},
   "source": [
    "After adding an index into the salaries table, the total time actually increased. It likely happened because updating the table by inserting many rows means that we needed to update the indexes as well. The database has to add each new entry to each index. So because 7b had an index on salary, this query took a little longer to run. "
   ]
  },
  {
   "cell_type": "markdown",
   "metadata": {
    "deletable": false,
    "editable": false
   },
   "source": [
    "<!-- END QUESTION -->\n",
    "\n",
    "<!-- BEGIN QUESTION -->\n",
    "\n",
    "## Question 8: Takeaway\n",
    "\n",
    "In this project, we explored how the database system optimizes query execution and how users can futher tune the performance of their queries.\n",
    "\n",
    "Familiarizing yourself with these optimization and tuning methods will make you a better data engineer. In this question, we'll ask you to recall and summarize these concepts. Who knows? Maybe one day it will help you during an interview or on a project.\n",
    "\n",
    "In the following answer cell,\n",
    "1. Name 3 methods you learned in this project. The method can be either the optimization done by the database system, or the fine tuning done by the user.\n",
    "2. For each method, summarize how and why it can optimize query performance. Feel free to discuss any drawbacks, if applicable.\n",
    "\n",
    "<!--\n",
    "BEGIN QUESTION\n",
    "name: q8\n",
    "manual: true\n",
    "points: 6\n",
    "-->"
   ]
  },
  {
   "cell_type": "markdown",
   "metadata": {},
   "source": [
    "1. Method 1: Adding an index to typically non mutable where claused attributes. This can optimize query performance because indexing makes attributes faster to be filtered and queried by creating pointers that point to where the data is stored. Indexing also allows for efficient search methods such as B+ trees which are usually more cost effective and much faster than the base sequential search, especially for large databases. However, indexing should probably be done on attributes that are not usually updated because of the time it takes to update the indexes.\n",
    "\n",
    "2. Method 2: Pre filtering data can help significantly optimize query performance. This comes from the general idea that the less data the query has to work with, the less time and cost it will take to run. Pre filtering the data can lower the amount of data the system needs to run in a more intensive clause such as a join or group by.\n",
    "\n",
    "3. Method 3: Merge join method (performed by the database system) optimizes query performance by first sorting the join attributes, the creating sorted runs of blocks, and then running a single pass through both sorted runs and merges. Additionally, merge join merges in sorted order which can be helpful. Since merge join only has to do a single pass through each table it is generally cheaper and more time efficient to do than nested loop or hash joins unless sorting hasn't already happened and the sorting would be expensive."
   ]
  },
  {
   "cell_type": "markdown",
   "metadata": {},
   "source": [
    "<!-- END QUESTION -->\n",
    "\n",
    "\n",
    "\n",
    "## Congratulations! You have finished Project 2.\n",
    "\n",
    "Run the following cell to zip and download the results of your queries. You will also need to run the export cell at the end of the notebook.\n",
    "\n",
    "**Please save your notebook before exporting (this is a good time to do it!)** Otherwise, we may not be able to register your written responses.\n",
    "\n",
    "**For submission on Gradescope, you will need to submit BOTH the proj2.zip file genreated by the export cell and the results.zip file generated by the following cell.**\n",
    "\n",
    "**Common submission issues:** You MUST submit the generated zip files (not folders) to the autograder. However, Safari is known to automatically unzip files upon downloading. You can fix this by going into Safari preferences, and deselect the box with the text \"Open safe files after downloading\" under the \"General\" tab. If you experience issues with downloading via clicking on the link, you can also navigate to the project 2 directory within JupyterHub (remove `proj2.ipynb` from the url), and manually download the generated zip files. Please post on Ed if you encounter any other submission issues."
   ]
  },
  {
   "cell_type": "code",
   "execution_count": null,
   "metadata": {
    "scrolled": true
   },
   "outputs": [],
   "source": [
    "from IPython.display import display, FileLink\n",
    "\n",
    "!zip -r results.zip results\n",
    "results_file = FileLink('./results.zip', result_html_prefix=\"Click here to download: \")\n",
    "display(results_file)"
   ]
  },
  {
   "cell_type": "markdown",
   "metadata": {
    "deletable": false,
    "editable": false
   },
   "source": [
    "---\n",
    "\n",
    "To double-check your work, the cell below will rerun all of the autograder tests."
   ]
  },
  {
   "cell_type": "code",
   "execution_count": null,
   "metadata": {
    "deletable": false,
    "editable": false
   },
   "outputs": [],
   "source": [
    "grader.check_all()"
   ]
  },
  {
   "cell_type": "markdown",
   "metadata": {
    "deletable": false,
    "editable": false
   },
   "source": [
    "## Submission\n",
    "\n",
    "Make sure you have run all cells in your notebook in order before running the cell below, so that all images/graphs appear in the output. The cell below will generate a zip file for you to submit. **Please save before exporting!**"
   ]
  },
  {
   "cell_type": "code",
   "execution_count": null,
   "metadata": {
    "deletable": false,
    "editable": false
   },
   "outputs": [],
   "source": [
    "# Save your notebook first, then run this cell to export your submission.\n",
    "grader.export()"
   ]
  }
 ],
 "metadata": {
  "kernelspec": {
   "display_name": "Python 3 (ipykernel)",
   "language": "python",
   "name": "python3"
  },
  "language_info": {
   "codemirror_mode": {
    "name": "ipython",
    "version": 3
   },
   "file_extension": ".py",
   "mimetype": "text/x-python",
   "name": "python",
   "nbconvert_exporter": "python",
   "pygments_lexer": "ipython3",
   "version": "3.9.13"
  }
 },
 "nbformat": 4,
 "nbformat_minor": 4
}
